{"C:/Users/ndeca/Documents/Sammy-Packages/Ysamark/verdantkit-react/public/mockServiceWorker.js": {"path":"C:/Users/ndeca/Documents/Sammy-Packages/Ysamark/verdantkit-react/public/mockServiceWorker.js","statementMap":{"0":{"start":{"line":11,"column":24},"end":{"line":11,"column":31}},"1":{"start":{"line":12,"column":27},"end":{"line":12,"column":61}},"2":{"start":{"line":13,"column":27},"end":{"line":13,"column":53}},"3":{"start":{"line":14,"column":24},"end":{"line":14,"column":33}},"4":{"start":{"line":16,"column":0},"end":{"line":18,"column":2}},"5":{"start":{"line":17,"column":2},"end":{"line":17,"column":20}},"6":{"start":{"line":20,"column":0},"end":{"line":22,"column":2}},"7":{"start":{"line":21,"column":2},"end":{"line":21,"column":39}},"8":{"start":{"line":24,"column":0},"end":{"line":90,"column":2}},"9":{"start":{"line":25,"column":19},"end":{"line":25,"column":34}},"10":{"start":{"line":27,"column":2},"end":{"line":29,"column":3}},"11":{"start":{"line":28,"column":4},"end":{"line":28,"column":10}},"12":{"start":{"line":31,"column":17},"end":{"line":31,"column":49}},"13":{"start":{"line":33,"column":2},"end":{"line":35,"column":3}},"14":{"start":{"line":34,"column":4},"end":{"line":34,"column":10}},"15":{"start":{"line":37,"column":21},"end":{"line":39,"column":4}},"16":{"start":{"line":41,"column":2},"end":{"line":89,"column":3}},"17":{"start":{"line":43,"column":6},"end":{"line":45,"column":8}},"18":{"start":{"line":46,"column":6},"end":{"line":46,"column":11}},"19":{"start":{"line":50,"column":6},"end":{"line":56,"column":8}},"20":{"start":{"line":57,"column":6},"end":{"line":57,"column":11}},"21":{"start":{"line":61,"column":6},"end":{"line":61,"column":35}},"22":{"start":{"line":63,"column":6},"end":{"line":66,"column":8}},"23":{"start":{"line":67,"column":6},"end":{"line":67,"column":11}},"24":{"start":{"line":71,"column":6},"end":{"line":71,"column":38}},"25":{"start":{"line":72,"column":6},"end":{"line":72,"column":11}},"26":{"start":{"line":76,"column":6},"end":{"line":76,"column":38}},"27":{"start":{"line":78,"column":31},"end":{"line":80,"column":8}},"28":{"start":{"line":79,"column":8},"end":{"line":79,"column":37}},"29":{"start":{"line":83,"column":6},"end":{"line":85,"column":7}},"30":{"start":{"line":84,"column":8},"end":{"line":84,"column":38}},"31":{"start":{"line":87,"column":6},"end":{"line":87,"column":11}},"32":{"start":{"line":92,"column":0},"end":{"line":116,"column":2}},"33":{"start":{"line":93,"column":22},"end":{"line":93,"column":27}},"34":{"start":{"line":96,"column":2},"end":{"line":98,"column":3}},"35":{"start":{"line":97,"column":4},"end":{"line":97,"column":10}},"36":{"start":{"line":102,"column":2},"end":{"line":104,"column":3}},"37":{"start":{"line":103,"column":4},"end":{"line":103,"column":10}},"38":{"start":{"line":109,"column":2},"end":{"line":111,"column":3}},"39":{"start":{"line":110,"column":4},"end":{"line":110,"column":10}},"40":{"start":{"line":114,"column":20},"end":{"line":114,"column":39}},"41":{"start":{"line":115,"column":2},"end":{"line":115,"column":52}},"42":{"start":{"line":119,"column":17},"end":{"line":119,"column":47}},"43":{"start":{"line":120,"column":19},"end":{"line":120,"column":62}},"44":{"start":{"line":125,"column":2},"end":{"line":146,"column":3}},"45":{"start":{"line":126,"column":5},"end":{"line":145,"column":8}},"46":{"start":{"line":127,"column":28},"end":{"line":127,"column":44}},"47":{"start":{"line":129,"column":6},"end":{"line":144,"column":7}},"48":{"start":{"line":148,"column":2},"end":{"line":148,"column":17}},"49":{"start":{"line":156,"column":17},"end":{"line":156,"column":55}},"50":{"start":{"line":158,"column":2},"end":{"line":160,"column":3}},"51":{"start":{"line":159,"column":4},"end":{"line":159,"column":17}},"52":{"start":{"line":162,"column":21},"end":{"line":164,"column":4}},"53":{"start":{"line":166,"column":2},"end":{"line":175,"column":6}},"54":{"start":{"line":169,"column":6},"end":{"line":169,"column":49}},"55":{"start":{"line":174,"column":6},"end":{"line":174,"column":43}},"56":{"start":{"line":179,"column":22},"end":{"line":179,"column":27}},"57":{"start":{"line":183,"column":23},"end":{"line":183,"column":38}},"58":{"start":{"line":186,"column":20},"end":{"line":186,"column":70}},"59":{"start":{"line":191,"column":4},"end":{"line":191,"column":37}},"60":{"start":{"line":193,"column":4},"end":{"line":193,"column":43}},"61":{"start":{"line":197,"column":2},"end":{"line":199,"column":3}},"62":{"start":{"line":198,"column":4},"end":{"line":198,"column":24}},"63":{"start":{"line":205,"column":2},"end":{"line":207,"column":3}},"64":{"start":{"line":206,"column":4},"end":{"line":206,"column":24}},"65":{"start":{"line":210,"column":24},"end":{"line":210,"column":51}},"66":{"start":{"line":211,"column":24},"end":{"line":233,"column":3}},"67":{"start":{"line":235,"column":2},"end":{"line":243,"column":3}},"68":{"start":{"line":237,"column":6},"end":{"line":237,"column":48}},"69":{"start":{"line":241,"column":6},"end":{"line":241,"column":26}},"70":{"start":{"line":245,"column":2},"end":{"line":245,"column":22}},"71":{"start":{"line":249,"column":2},"end":{"line":264,"column":4}},"72":{"start":{"line":250,"column":20},"end":{"line":250,"column":40}},"73":{"start":{"line":252,"column":4},"end":{"line":258,"column":5}},"74":{"start":{"line":253,"column":6},"end":{"line":255,"column":7}},"75":{"start":{"line":254,"column":8},"end":{"line":254,"column":39}},"76":{"start":{"line":257,"column":6},"end":{"line":257,"column":25}},"77":{"start":{"line":260,"column":4},"end":{"line":263,"column":5}},"78":{"start":{"line":272,"column":2},"end":{"line":274,"column":3}},"79":{"start":{"line":273,"column":4},"end":{"line":273,"column":27}},"80":{"start":{"line":276,"column":25},"end":{"line":276,"column":62}},"81":{"start":{"line":278,"column":2},"end":{"line":281,"column":4}},"82":{"start":{"line":283,"column":2},"end":{"line":283,"column":23}}},"fnMap":{"0":{"name":"(anonymous_0)","decl":{"start":{"line":16,"column":33},"end":{"line":16,"column":41}},"loc":{"start":{"line":16,"column":45},"end":{"line":18,"column":1}}},"1":{"name":"(anonymous_1)","decl":{"start":{"line":20,"column":34},"end":{"line":20,"column":42}},"loc":{"start":{"line":20,"column":51},"end":{"line":22,"column":1}}},"2":{"name":"(anonymous_2)","decl":{"start":{"line":24,"column":33},"end":{"line":24,"column":38}},"loc":{"start":{"line":24,"column":56},"end":{"line":90,"column":1}}},"3":{"name":"(anonymous_3)","decl":{"start":{"line":78,"column":49},"end":{"line":78,"column":50}},"loc":{"start":{"line":78,"column":61},"end":{"line":80,"column":7}}},"4":{"name":"(anonymous_4)","decl":{"start":{"line":92,"column":31},"end":{"line":92,"column":39}},"loc":{"start":{"line":92,"column":48},"end":{"line":116,"column":1}}},"5":{"name":"handleRequest","decl":{"start":{"line":118,"column":15},"end":{"line":118,"column":28}},"loc":{"start":{"line":118,"column":47},"end":{"line":149,"column":1}}},"6":{"name":"(anonymous_6)","decl":{"start":{"line":126,"column":6},"end":{"line":126,"column":11}},"loc":{"start":{"line":126,"column":24},"end":{"line":145,"column":5}}},"7":{"name":"resolveMainClient","decl":{"start":{"line":155,"column":15},"end":{"line":155,"column":32}},"loc":{"start":{"line":155,"column":40},"end":{"line":176,"column":1}}},"8":{"name":"(anonymous_8)","decl":{"start":{"line":167,"column":12},"end":{"line":167,"column":13}},"loc":{"start":{"line":167,"column":24},"end":{"line":170,"column":5}}},"9":{"name":"(anonymous_9)","decl":{"start":{"line":171,"column":10},"end":{"line":171,"column":11}},"loc":{"start":{"line":171,"column":22},"end":{"line":175,"column":5}}},"10":{"name":"getResponse","decl":{"start":{"line":178,"column":15},"end":{"line":178,"column":26}},"loc":{"start":{"line":178,"column":53},"end":{"line":246,"column":1}}},"11":{"name":"passthrough","decl":{"start":{"line":185,"column":11},"end":{"line":185,"column":22}},"loc":{"start":{"line":185,"column":25},"end":{"line":194,"column":3}}},"12":{"name":"sendToClient","decl":{"start":{"line":248,"column":9},"end":{"line":248,"column":21}},"loc":{"start":{"line":248,"column":60},"end":{"line":265,"column":1}}},"13":{"name":"(anonymous_13)","decl":{"start":{"line":249,"column":21},"end":{"line":249,"column":22}},"loc":{"start":{"line":249,"column":42},"end":{"line":264,"column":3}}},"14":{"name":"(anonymous_14)","decl":{"start":{"line":252,"column":30},"end":{"line":252,"column":31}},"loc":{"start":{"line":252,"column":41},"end":{"line":258,"column":5}}},"15":{"name":"respondWithMock","decl":{"start":{"line":267,"column":15},"end":{"line":267,"column":30}},"loc":{"start":{"line":267,"column":41},"end":{"line":284,"column":1}}}},"branchMap":{"0":{"loc":{"start":{"line":27,"column":2},"end":{"line":29,"column":3}},"type":"if","locations":[{"start":{"line":27,"column":2},"end":{"line":29,"column":3}},{"start":{},"end":{}}]},"1":{"loc":{"start":{"line":27,"column":6},"end":{"line":27,"column":32}},"type":"binary-expr","locations":[{"start":{"line":27,"column":6},"end":{"line":27,"column":15}},{"start":{"line":27,"column":19},"end":{"line":27,"column":32}}]},"2":{"loc":{"start":{"line":33,"column":2},"end":{"line":35,"column":3}},"type":"if","locations":[{"start":{"line":33,"column":2},"end":{"line":35,"column":3}},{"start":{},"end":{}}]},"3":{"loc":{"start":{"line":41,"column":2},"end":{"line":89,"column":3}},"type":"switch","locations":[{"start":{"line":42,"column":4},"end":{"line":47,"column":5}},{"start":{"line":49,"column":4},"end":{"line":58,"column":5}},{"start":{"line":60,"column":4},"end":{"line":68,"column":5}},{"start":{"line":70,"column":4},"end":{"line":73,"column":5}},{"start":{"line":75,"column":4},"end":{"line":88,"column":5}}]},"4":{"loc":{"start":{"line":83,"column":6},"end":{"line":85,"column":7}},"type":"if","locations":[{"start":{"line":83,"column":6},"end":{"line":85,"column":7}},{"start":{},"end":{}}]},"5":{"loc":{"start":{"line":96,"column":2},"end":{"line":98,"column":3}},"type":"if","locations":[{"start":{"line":96,"column":2},"end":{"line":98,"column":3}},{"start":{},"end":{}}]},"6":{"loc":{"start":{"line":102,"column":2},"end":{"line":104,"column":3}},"type":"if","locations":[{"start":{"line":102,"column":2},"end":{"line":104,"column":3}},{"start":{},"end":{}}]},"7":{"loc":{"start":{"line":102,"column":6},"end":{"line":102,"column":74}},"type":"binary-expr","locations":[{"start":{"line":102,"column":6},"end":{"line":102,"column":40}},{"start":{"line":102,"column":44},"end":{"line":102,"column":74}}]},"8":{"loc":{"start":{"line":109,"column":2},"end":{"line":111,"column":3}},"type":"if","locations":[{"start":{"line":109,"column":2},"end":{"line":111,"column":3}},{"start":{},"end":{}}]},"9":{"loc":{"start":{"line":125,"column":2},"end":{"line":146,"column":3}},"type":"if","locations":[{"start":{"line":125,"column":2},"end":{"line":146,"column":3}},{"start":{},"end":{}}]},"10":{"loc":{"start":{"line":125,"column":6},"end":{"line":125,"column":46}},"type":"binary-expr","locations":[{"start":{"line":125,"column":6},"end":{"line":125,"column":12}},{"start":{"line":125,"column":16},"end":{"line":125,"column":46}}]},"11":{"loc":{"start":{"line":158,"column":2},"end":{"line":160,"column":3}},"type":"if","locations":[{"start":{"line":158,"column":2},"end":{"line":160,"column":3}},{"start":{},"end":{}}]},"12":{"loc":{"start":{"line":197,"column":2},"end":{"line":199,"column":3}},"type":"if","locations":[{"start":{"line":197,"column":2},"end":{"line":199,"column":3}},{"start":{},"end":{}}]},"13":{"loc":{"start":{"line":205,"column":2},"end":{"line":207,"column":3}},"type":"if","locations":[{"start":{"line":205,"column":2},"end":{"line":207,"column":3}},{"start":{},"end":{}}]},"14":{"loc":{"start":{"line":235,"column":2},"end":{"line":243,"column":3}},"type":"switch","locations":[{"start":{"line":236,"column":4},"end":{"line":238,"column":5}},{"start":{"line":240,"column":4},"end":{"line":242,"column":5}}]},"15":{"loc":{"start":{"line":248,"column":39},"end":{"line":248,"column":58}},"type":"default-arg","locations":[{"start":{"line":248,"column":56},"end":{"line":248,"column":58}}]},"16":{"loc":{"start":{"line":253,"column":6},"end":{"line":255,"column":7}},"type":"if","locations":[{"start":{"line":253,"column":6},"end":{"line":255,"column":7}},{"start":{},"end":{}}]},"17":{"loc":{"start":{"line":253,"column":10},"end":{"line":253,"column":40}},"type":"binary-expr","locations":[{"start":{"line":253,"column":10},"end":{"line":253,"column":20}},{"start":{"line":253,"column":24},"end":{"line":253,"column":40}}]},"18":{"loc":{"start":{"line":272,"column":2},"end":{"line":274,"column":3}},"type":"if","locations":[{"start":{"line":272,"column":2},"end":{"line":274,"column":3}},{"start":{},"end":{}}]}},"s":{"0":0,"1":0,"2":0,"3":0,"4":0,"5":0,"6":0,"7":0,"8":0,"9":0,"10":0,"11":0,"12":0,"13":0,"14":0,"15":0,"16":0,"17":0,"18":0,"19":0,"20":0,"21":0,"22":0,"23":0,"24":0,"25":0,"26":0,"27":0,"28":0,"29":0,"30":0,"31":0,"32":0,"33":0,"34":0,"35":0,"36":0,"37":0,"38":0,"39":0,"40":0,"41":0,"42":0,"43":0,"44":0,"45":0,"46":0,"47":0,"48":0,"49":0,"50":0,"51":0,"52":0,"53":0,"54":0,"55":0,"56":0,"57":0,"58":0,"59":0,"60":0,"61":0,"62":0,"63":0,"64":0,"65":0,"66":0,"67":0,"68":0,"69":0,"70":0,"71":0,"72":0,"73":0,"74":0,"75":0,"76":0,"77":0,"78":0,"79":0,"80":0,"81":0,"82":0},"f":{"0":0,"1":0,"2":0,"3":0,"4":0,"5":0,"6":0,"7":0,"8":0,"9":0,"10":0,"11":0,"12":0,"13":0,"14":0,"15":0},"b":{"0":[0,0],"1":[0,0],"2":[0,0],"3":[0,0,0,0,0],"4":[0,0],"5":[0,0],"6":[0,0],"7":[0,0],"8":[0,0],"9":[0,0],"10":[0,0],"11":[0,0],"12":[0,0],"13":[0,0],"14":[0,0],"15":[0],"16":[0,0],"17":[0,0],"18":[0,0]}}
,"C:/Users/ndeca/Documents/Sammy-Packages/Ysamark/verdantkit-react/src/App.tsx": {"path":"C:/Users/ndeca/Documents/Sammy-Packages/Ysamark/verdantkit-react/src/App.tsx","statementMap":{"0":{"start":{"line":6,"column":16},"end":{"line":20,"column":null}},"1":{"start":{"line":7,"column":20},"end":{"line":7,"column":null}},"2":{"start":{"line":9,"column":29},"end":{"line":13,"column":null}},"3":{"start":{"line":10,"column":21},"end":{"line":10,"column":null}},"4":{"start":{"line":12,"column":4},"end":{"line":12,"column":null}},"5":{"start":{"line":15,"column":2},"end":{"line":18,"column":null}},"6":{"start":{"line":23,"column":26},"end":{"line":23,"column":null}},"7":{"start":{"line":26,"column":19},"end":{"line":26,"column":null}},"8":{"start":{"line":28,"column":4},"end":{"line":41,"column":null}},"9":{"start":{"line":34,"column":12},"end":{"line":34,"column":null}},"10":{"start":{"line":35,"column":12},"end":{"line":35,"column":null}},"11":{"start":{"line":45,"column":2},"end":{"line":179,"column":null}},"12":{"start":{"line":47,"column":43},"end":{"line":47,"column":58}},"13":{"start":{"line":52,"column":23},"end":{"line":52,"column":null}},"14":{"start":{"line":56,"column":31},"end":{"line":56,"column":51}}},"fnMap":{"0":{"name":"(anonymous_0)","decl":{"start":{"line":6,"column":16},"end":{"line":6,"column":22}},"loc":{"start":{"line":6,"column":22},"end":{"line":20,"column":null}}},"1":{"name":"(anonymous_1)","decl":{"start":{"line":9,"column":29},"end":{"line":9,"column":41}},"loc":{"start":{"line":9,"column":41},"end":{"line":13,"column":null}}},"2":{"name":"App","decl":{"start":{"line":22,"column":24},"end":{"line":22,"column":30}},"loc":{"start":{"line":22,"column":30},"end":{"line":181,"column":null}}},"3":{"name":"DialogFooter","decl":{"start":{"line":25,"column":11},"end":{"line":25,"column":26}},"loc":{"start":{"line":25,"column":26},"end":{"line":43,"column":null}}},"4":{"name":"(anonymous_4)","decl":{"start":{"line":32,"column":19},"end":{"line":32,"column":25}},"loc":{"start":{"line":32,"column":25},"end":{"line":36,"column":null}}},"5":{"name":"(anonymous_5)","decl":{"start":{"line":47,"column":37},"end":{"line":47,"column":43}},"loc":{"start":{"line":47,"column":43},"end":{"line":47,"column":58}}},"6":{"name":"(anonymous_6)","decl":{"start":{"line":52,"column":17},"end":{"line":52,"column":23}},"loc":{"start":{"line":52,"column":23},"end":{"line":52,"column":null}}},"7":{"name":"(anonymous_7)","decl":{"start":{"line":56,"column":25},"end":{"line":56,"column":31}},"loc":{"start":{"line":56,"column":31},"end":{"line":56,"column":51}}}},"branchMap":{"0":{"loc":{"start":{"line":35,"column":27},"end":{"line":35,"column":70}},"type":"cond-expr","locations":[{"start":{"line":35,"column":53},"end":{"line":35,"column":63}},{"start":{"line":35,"column":63},"end":{"line":35,"column":70}}]}},"s":{"0":0,"1":0,"2":0,"3":0,"4":0,"5":0,"6":0,"7":0,"8":0,"9":0,"10":0,"11":0,"12":0,"13":0,"14":0},"f":{"0":0,"1":0,"2":0,"3":0,"4":0,"5":0,"6":0,"7":0},"b":{"0":[0,0]}}
,"C:/Users/ndeca/Documents/Sammy-Packages/Ysamark/verdantkit-react/src/main.tsx": {"path":"C:/Users/ndeca/Documents/Sammy-Packages/Ysamark/verdantkit-react/src/main.tsx","statementMap":{"0":{"start":{"line":8,"column":0},"end":{"line":12,"column":null}}},"fnMap":{},"branchMap":{},"s":{"0":0},"f":{},"b":{}}
,"C:/Users/ndeca/Documents/Sammy-Packages/Ysamark/verdantkit-react/src/components/CopyableText.tsx": {"path":"C:/Users/ndeca/Documents/Sammy-Packages/Ysamark/verdantkit-react/src/components/CopyableText.tsx","statementMap":{"0":{"start":{"line":16,"column":51},"end":{"line":89,"column":null}},"1":{"start":{"line":17,"column":58},"end":{"line":40,"column":null}},"2":{"start":{"line":18,"column":31},"end":{"line":29,"column":null}},"3":{"start":{"line":19,"column":6},"end":{"line":21,"column":null}},"4":{"start":{"line":20,"column":8},"end":{"line":20,"column":null}},"5":{"start":{"line":23,"column":28},"end":{"line":23,"column":null}},"6":{"start":{"line":24,"column":28},"end":{"line":24,"column":null}},"7":{"start":{"line":26,"column":6},"end":{"line":28,"column":null}},"8":{"start":{"line":27,"column":8},"end":{"line":27,"column":null}},"9":{"start":{"line":31,"column":27},"end":{"line":33,"column":null}},"10":{"start":{"line":35,"column":24},"end":{"line":35,"column":null}},"11":{"start":{"line":37,"column":4},"end":{"line":39,"column":null}},"12":{"start":{"line":38,"column":6},"end":{"line":38,"column":null}},"13":{"start":{"line":43,"column":4},"end":{"line":52,"column":null}},"14":{"start":{"line":56,"column":4},"end":{"line":56,"column":null}},"15":{"start":{"line":58,"column":2},"end":{"line":87,"column":null}},"16":{"start":{"line":61,"column":8},"end":{"line":79,"column":null}},"17":{"start":{"line":62,"column":30},"end":{"line":64,"column":null}},"18":{"start":{"line":67,"column":12},"end":{"line":69,"column":null}},"19":{"start":{"line":71,"column":10},"end":{"line":78,"column":null}},"20":{"start":{"line":81,"column":8},"end":{"line":84,"column":null}}},"fnMap":{"0":{"name":"(anonymous_0)","decl":{"start":{"line":16,"column":51},"end":{"line":16,"column":52}},"loc":{"start":{"line":16,"column":62},"end":{"line":89,"column":null}}},"1":{"name":"(anonymous_1)","decl":{"start":{"line":17,"column":58},"end":{"line":17,"column":68}},"loc":{"start":{"line":17,"column":75},"end":{"line":40,"column":null}}},"2":{"name":"(anonymous_2)","decl":{"start":{"line":18,"column":31},"end":{"line":18,"column":54}},"loc":{"start":{"line":18,"column":54},"end":{"line":29,"column":null}}},"3":{"name":"(anonymous_3)","decl":{"start":{"line":60,"column":32},"end":{"line":60,"column":33}},"loc":{"start":{"line":60,"column":55},"end":{"line":86,"column":7}}}},"branchMap":{"0":{"loc":{"start":{"line":19,"column":6},"end":{"line":21,"column":null}},"type":"if","locations":[{"start":{"line":19,"column":6},"end":{"line":21,"column":null}},{"start":{},"end":{}}]},"1":{"loc":{"start":{"line":26,"column":6},"end":{"line":28,"column":null}},"type":"if","locations":[{"start":{"line":26,"column":6},"end":{"line":28,"column":null}},{"start":{},"end":{}}]},"2":{"loc":{"start":{"line":32,"column":6},"end":{"line":32,"column":null}},"type":"binary-expr","locations":[{"start":{"line":32,"column":6},"end":{"line":32,"column":29}},{"start":{"line":32,"column":29},"end":{"line":32,"column":null}}]},"3":{"loc":{"start":{"line":37,"column":4},"end":{"line":39,"column":null}},"type":"if","locations":[{"start":{"line":37,"column":4},"end":{"line":39,"column":null}},{"start":{},"end":{}}]},"4":{"loc":{"start":{"line":37,"column":8},"end":{"line":37,"column":48}},"type":"binary-expr","locations":[{"start":{"line":37,"column":8},"end":{"line":37,"column":26}},{"start":{"line":37,"column":26},"end":{"line":37,"column":48}}]},"5":{"loc":{"start":{"line":56,"column":4},"end":{"line":56,"column":null}},"type":"cond-expr","locations":[{"start":{"line":56,"column":38},"end":{"line":56,"column":55}},{"start":{"line":56,"column":55},"end":{"line":56,"column":null}}]},"6":{"loc":{"start":{"line":61,"column":8},"end":{"line":79,"column":null}},"type":"if","locations":[{"start":{"line":61,"column":8},"end":{"line":79,"column":null}},{"start":{},"end":{}}]},"7":{"loc":{"start":{"line":62,"column":30},"end":{"line":64,"column":null}},"type":"binary-expr","locations":[{"start":{"line":62,"column":30},"end":{"line":62,"column":73}},{"start":{"line":62,"column":73},"end":{"line":64,"column":null}}]},"8":{"loc":{"start":{"line":67,"column":12},"end":{"line":69,"column":null}},"type":"cond-expr","locations":[{"start":{"line":68,"column":16},"end":{"line":68,"column":null}},{"start":{"line":69,"column":16},"end":{"line":69,"column":null}}]},"9":{"loc":{"start":{"line":67,"column":12},"end":{"line":67,"column":null}},"type":"binary-expr","locations":[{"start":{"line":67,"column":12},"end":{"line":67,"column":40}},{"start":{"line":67,"column":40},"end":{"line":67,"column":null}}]}},"s":{"0":0,"1":0,"2":0,"3":0,"4":0,"5":0,"6":0,"7":0,"8":0,"9":0,"10":0,"11":0,"12":0,"13":0,"14":0,"15":0,"16":0,"17":0,"18":0,"19":0,"20":0},"f":{"0":0,"1":0,"2":0,"3":0},"b":{"0":[0,0],"1":[0,0],"2":[0,0],"3":[0,0],"4":[0,0],"5":[0,0],"6":[0,0],"7":[0,0],"8":[0,0],"9":[0,0]}}
,"C:/Users/ndeca/Documents/Sammy-Packages/Ysamark/verdantkit-react/src/components/EmptyListContainer.tsx": {"path":"C:/Users/ndeca/Documents/Sammy-Packages/Ysamark/verdantkit-react/src/components/EmptyListContainer.tsx","statementMap":{"0":{"start":{"line":9,"column":34},"end":{"line":23,"column":null}},"1":{"start":{"line":13,"column":2},"end":{"line":21,"column":null}}},"fnMap":{"0":{"name":"EmptyListContainer2","decl":{"start":{"line":12,"column":11},"end":{"line":12,"column":30}},"loc":{"start":{"line":12,"column":42},"end":{"line":23,"column":1}}}},"branchMap":{},"s":{"0":0,"1":0},"f":{"0":0},"b":{}}
,"C:/Users/ndeca/Documents/Sammy-Packages/Ysamark/verdantkit-react/src/components/Icon.tsx": {"path":"C:/Users/ndeca/Documents/Sammy-Packages/Ysamark/verdantkit-react/src/components/Icon.tsx","statementMap":{"0":{"start":{"line":11,"column":35},"end":{"line":15,"column":null}},"1":{"start":{"line":12,"column":22},"end":{"line":12,"column":null}},"2":{"start":{"line":14,"column":2},"end":{"line":14,"column":null}}},"fnMap":{"0":{"name":"(anonymous_0)","decl":{"start":{"line":11,"column":35},"end":{"line":11,"column":36}},"loc":{"start":{"line":11,"column":46},"end":{"line":15,"column":null}}}},"branchMap":{},"s":{"0":0,"1":0,"2":0},"f":{"0":0},"b":{}}
,"C:/Users/ndeca/Documents/Sammy-Packages/Ysamark/verdantkit-react/src/components/PropsDriller.tsx": {"path":"C:/Users/ndeca/Documents/Sammy-Packages/Ysamark/verdantkit-react/src/components/PropsDriller.tsx","statementMap":{"0":{"start":{"line":9,"column":51},"end":{"line":54,"column":null}},"1":{"start":{"line":11,"column":4},"end":{"line":11,"column":null}},"2":{"start":{"line":13,"column":2},"end":{"line":52,"column":null}},"3":{"start":{"line":16,"column":27},"end":{"line":16,"column":34}},"4":{"start":{"line":18,"column":10},"end":{"line":20,"column":null}},"5":{"start":{"line":19,"column":12},"end":{"line":19,"column":null}},"6":{"start":{"line":23,"column":12},"end":{"line":25,"column":null}},"7":{"start":{"line":27,"column":10},"end":{"line":50,"column":null}},"8":{"start":{"line":35,"column":18},"end":{"line":37,"column":null}},"9":{"start":{"line":36,"column":20},"end":{"line":36,"column":null}},"10":{"start":{"line":39,"column":18},"end":{"line":46,"column":null}}},"fnMap":{"0":{"name":"(anonymous_0)","decl":{"start":{"line":9,"column":51},"end":{"line":9,"column":52}},"loc":{"start":{"line":9,"column":79},"end":{"line":54,"column":null}}},"1":{"name":"(anonymous_1)","decl":{"start":{"line":16,"column":16},"end":{"line":16,"column":17}},"loc":{"start":{"line":16,"column":27},"end":{"line":16,"column":34}}},"2":{"name":"(anonymous_2)","decl":{"start":{"line":17,"column":13},"end":{"line":17,"column":14}},"loc":{"start":{"line":17,"column":36},"end":{"line":51,"column":9}}},"3":{"name":"(anonymous_3)","decl":{"start":{"line":34,"column":16},"end":{"line":34,"column":17}},"loc":{"start":{"line":34,"column":77},"end":{"line":47,"column":null}}}},"branchMap":{"0":{"loc":{"start":{"line":11,"column":4},"end":{"line":11,"column":null}},"type":"cond-expr","locations":[{"start":{"line":11,"column":32},"end":{"line":11,"column":43}},{"start":{"line":11,"column":43},"end":{"line":11,"column":null}}]},"1":{"loc":{"start":{"line":18,"column":10},"end":{"line":20,"column":null}},"type":"if","locations":[{"start":{"line":18,"column":10},"end":{"line":20,"column":null}},{"start":{},"end":{}}]},"2":{"loc":{"start":{"line":23,"column":12},"end":{"line":25,"column":null}},"type":"cond-expr","locations":[{"start":{"line":24,"column":16},"end":{"line":24,"column":null}},{"start":{"line":25,"column":16},"end":{"line":25,"column":null}}]},"3":{"loc":{"start":{"line":35,"column":18},"end":{"line":37,"column":null}},"type":"if","locations":[{"start":{"line":35,"column":18},"end":{"line":37,"column":null}},{"start":{},"end":{}}]},"4":{"loc":{"start":{"line":35,"column":24},"end":{"line":35,"column":71}},"type":"binary-expr","locations":[{"start":{"line":35,"column":24},"end":{"line":35,"column":38}},{"start":{"line":35,"column":38},"end":{"line":35,"column":71}}]}},"s":{"0":0,"1":0,"2":0,"3":0,"4":0,"5":0,"6":0,"7":0,"8":0,"9":0,"10":0},"f":{"0":0,"1":0,"2":0,"3":0},"b":{"0":[0,0],"1":[0,0],"2":[0,0],"3":[0,0],"4":[0,0]}}
,"C:/Users/ndeca/Documents/Sammy-Packages/Ysamark/verdantkit-react/src/components/Spinner.tsx": {"path":"C:/Users/ndeca/Documents/Sammy-Packages/Ysamark/verdantkit-react/src/components/Spinner.tsx","statementMap":{"0":{"start":{"line":7,"column":41},"end":{"line":29,"column":null}},"1":{"start":{"line":8,"column":2},"end":{"line":27,"column":null}}},"fnMap":{"0":{"name":"(anonymous_0)","decl":{"start":{"line":7,"column":41},"end":{"line":7,"column":42}},"loc":{"start":{"line":7,"column":52},"end":{"line":29,"column":null}}}},"branchMap":{},"s":{"0":0,"1":0},"f":{"0":0},"b":{}}
,"C:/Users/ndeca/Documents/Sammy-Packages/Ysamark/verdantkit-react/src/components/ApplicationContext/index.tsx": {"path":"C:/Users/ndeca/Documents/Sammy-Packages/Ysamark/verdantkit-react/src/components/ApplicationContext/index.tsx","statementMap":{"0":{"start":{"line":25,"column":63},"end":{"line":63,"column":null}},"1":{"start":{"line":43,"column":4},"end":{"line":43,"column":null}},"2":{"start":{"line":53,"column":2},"end":{"line":61,"column":null}}},"fnMap":{"0":{"name":"(anonymous_0)","decl":{"start":{"line":25,"column":63},"end":{"line":25,"column":64}},"loc":{"start":{"line":25,"column":74},"end":{"line":63,"column":null}}}},"branchMap":{},"s":{"0":0,"1":0,"2":0},"f":{"0":0},"b":{}}
,"C:/Users/ndeca/Documents/Sammy-Packages/Ysamark/verdantkit-react/src/components/ApplicationContext/utils.ts": {"path":"C:/Users/ndeca/Documents/Sammy-Packages/Ysamark/verdantkit-react/src/components/ApplicationContext/utils.ts","statementMap":{"0":{"start":{"line":1,"column":38},"end":{"line":32,"column":null}},"1":{"start":{"line":2,"column":50},"end":{"line":9,"column":null}},"2":{"start":{"line":12,"column":4},"end":{"line":14,"column":null}},"3":{"start":{"line":16,"column":2},"end":{"line":29,"column":null}},"4":{"start":{"line":17,"column":22},"end":{"line":19,"column":null}},"5":{"start":{"line":21,"column":4},"end":{"line":28,"column":null}},"6":{"start":{"line":22,"column":30},"end":{"line":22,"column":null}},"7":{"start":{"line":24,"column":6},"end":{"line":24,"column":null}},"8":{"start":{"line":27,"column":6},"end":{"line":27,"column":null}},"9":{"start":{"line":31,"column":2},"end":{"line":31,"column":null}}},"fnMap":{"0":{"name":"(anonymous_0)","decl":{"start":{"line":1,"column":38},"end":{"line":1,"column":52}},"loc":{"start":{"line":1,"column":52},"end":{"line":32,"column":null}}}},"branchMap":{"0":{"loc":{"start":{"line":12,"column":4},"end":{"line":14,"column":null}},"type":"cond-expr","locations":[{"start":{"line":13,"column":8},"end":{"line":13,"column":null}},{"start":{"line":14,"column":8},"end":{"line":14,"column":null}}]},"1":{"loc":{"start":{"line":12,"column":4},"end":{"line":12,"column":null}},"type":"binary-expr","locations":[{"start":{"line":12,"column":4},"end":{"line":12,"column":35}},{"start":{"line":12,"column":35},"end":{"line":12,"column":null}}]}},"s":{"0":0,"1":0,"2":0,"3":0,"4":0,"5":0,"6":0,"7":0,"8":0,"9":0},"f":{"0":0},"b":{"0":[0,0],"1":[0,0]}}
,"C:/Users/ndeca/Documents/Sammy-Packages/Ysamark/verdantkit-react/src/components/ApplicationContext/components/ApplicationContextWrapper.tsx": {"path":"C:/Users/ndeca/Documents/Sammy-Packages/Ysamark/verdantkit-react/src/components/ApplicationContext/components/ApplicationContextWrapper.tsx","statementMap":{"0":{"start":{"line":10,"column":77},"end":{"line":57,"column":null}},"1":{"start":{"line":16,"column":4},"end":{"line":16,"column":null}},"2":{"start":{"line":18,"column":2},"end":{"line":55,"column":null}}},"fnMap":{"0":{"name":"(anonymous_0)","decl":{"start":{"line":10,"column":77},"end":{"line":10,"column":null}},"loc":{"start":{"line":12,"column":5},"end":{"line":57,"column":null}}}},"branchMap":{},"s":{"0":0,"1":0,"2":0},"f":{"0":0},"b":{}}
,"C:/Users/ndeca/Documents/Sammy-Packages/Ysamark/verdantkit-react/src/components/ApplicationContext/components/AlertDialog/index.tsx": {"path":"C:/Users/ndeca/Documents/Sammy-Packages/Ysamark/verdantkit-react/src/components/ApplicationContext/components/AlertDialog/index.tsx","statementMap":{"0":{"start":{"line":7,"column":52},"end":{"line":26,"column":null}},"1":{"start":{"line":8,"column":25},"end":{"line":8,"column":null}},"2":{"start":{"line":10,"column":34},"end":{"line":12,"column":null}},"3":{"start":{"line":11,"column":4},"end":{"line":11,"column":null}},"4":{"start":{"line":14,"column":27},"end":{"line":14,"column":null}},"5":{"start":{"line":16,"column":2},"end":{"line":24,"column":null}}},"fnMap":{"0":{"name":"(anonymous_0)","decl":{"start":{"line":7,"column":52},"end":{"line":7,"column":58}},"loc":{"start":{"line":7,"column":58},"end":{"line":26,"column":null}}},"1":{"name":"(anonymous_1)","decl":{"start":{"line":10,"column":34},"end":{"line":10,"column":40}},"loc":{"start":{"line":10,"column":40},"end":{"line":12,"column":null}}}},"branchMap":{"0":{"loc":{"start":{"line":23,"column":7},"end":{"line":23,"column":null}},"type":"binary-expr","locations":[{"start":{"line":23,"column":7},"end":{"line":23,"column":27}},{"start":{"line":23,"column":27},"end":{"line":23,"column":null}}]}},"s":{"0":0,"1":0,"2":0,"3":0,"4":0,"5":0},"f":{"0":0,"1":0},"b":{"0":[0,0]}}
,"C:/Users/ndeca/Documents/Sammy-Packages/Ysamark/verdantkit-react/src/components/ApplicationContext/components/AlertDialog/components/AlertBody.tsx": {"path":"C:/Users/ndeca/Documents/Sammy-Packages/Ysamark/verdantkit-react/src/components/ApplicationContext/components/AlertDialog/components/AlertBody.tsx","statementMap":{"0":{"start":{"line":10,"column":45},"end":{"line":33,"column":null}},"1":{"start":{"line":12,"column":4},"end":{"line":14,"column":null}},"2":{"start":{"line":16,"column":2},"end":{"line":31,"column":null}},"3":{"start":{"line":28,"column":10},"end":{"line":28,"column":null}}},"fnMap":{"0":{"name":"(anonymous_0)","decl":{"start":{"line":10,"column":45},"end":{"line":10,"column":46}},"loc":{"start":{"line":10,"column":72},"end":{"line":33,"column":null}}},"1":{"name":"(anonymous_1)","decl":{"start":{"line":27,"column":30},"end":{"line":27,"column":31}},"loc":{"start":{"line":28,"column":10},"end":{"line":28,"column":null}}}},"branchMap":{"0":{"loc":{"start":{"line":12,"column":4},"end":{"line":14,"column":null}},"type":"cond-expr","locations":[{"start":{"line":13,"column":8},"end":{"line":13,"column":null}},{"start":{"line":14,"column":8},"end":{"line":14,"column":null}}]},"1":{"loc":{"start":{"line":12,"column":4},"end":{"line":12,"column":null}},"type":"binary-expr","locations":[{"start":{"line":12,"column":4},"end":{"line":12,"column":15}},{"start":{"line":12,"column":15},"end":{"line":12,"column":null}}]},"2":{"loc":{"start":{"line":18,"column":7},"end":{"line":21,"column":null}},"type":"binary-expr","locations":[{"start":{"line":18,"column":7},"end":{"line":18,"column":null}},{"start":{"line":19,"column":8},"end":{"line":21,"column":null}}]}},"s":{"0":0,"1":0,"2":0,"3":0},"f":{"0":0,"1":0},"b":{"0":[0,0],"1":[0,0],"2":[0,0]}}
,"C:/Users/ndeca/Documents/Sammy-Packages/Ysamark/verdantkit-react/src/components/ApplicationContext/components/AlertDialog/components/AlertButton.tsx": {"path":"C:/Users/ndeca/Documents/Sammy-Packages/Ysamark/verdantkit-react/src/components/ApplicationContext/components/AlertDialog/components/AlertButton.tsx","statementMap":{"0":{"start":{"line":15,"column":20},"end":{"line":15,"column":null}},"1":{"start":{"line":17,"column":2},"end":{"line":17,"column":null}},"2":{"start":{"line":20,"column":49},"end":{"line":55,"column":null}},"3":{"start":{"line":21,"column":25},"end":{"line":21,"column":null}},"4":{"start":{"line":23,"column":27},"end":{"line":23,"column":null}},"5":{"start":{"line":25,"column":27},"end":{"line":34,"column":null}},"6":{"start":{"line":27,"column":6},"end":{"line":27,"column":null}},"7":{"start":{"line":29,"column":4},"end":{"line":31,"column":null}},"8":{"start":{"line":30,"column":6},"end":{"line":30,"column":null}},"9":{"start":{"line":33,"column":4},"end":{"line":33,"column":null}},"10":{"start":{"line":36,"column":29},"end":{"line":40,"column":null}},"11":{"start":{"line":37,"column":26},"end":{"line":37,"column":null}},"12":{"start":{"line":39,"column":4},"end":{"line":39,"column":null}},"13":{"start":{"line":42,"column":2},"end":{"line":53,"column":null}}},"fnMap":{"0":{"name":"getButtonProps","decl":{"start":{"line":12,"column":9},"end":{"line":12,"column":null}},"loc":{"start":{"line":14,"column":27},"end":{"line":18,"column":null}}},"1":{"name":"(anonymous_1)","decl":{"start":{"line":20,"column":49},"end":{"line":20,"column":50}},"loc":{"start":{"line":20,"column":68},"end":{"line":55,"column":null}}},"2":{"name":"(anonymous_2)","decl":{"start":{"line":25,"column":27},"end":{"line":25,"column":28}},"loc":{"start":{"line":25,"column":54},"end":{"line":34,"column":null}}},"3":{"name":"(anonymous_3)","decl":{"start":{"line":36,"column":29},"end":{"line":36,"column":35}},"loc":{"start":{"line":36,"column":35},"end":{"line":40,"column":null}}}},"branchMap":{"0":{"loc":{"start":{"line":29,"column":4},"end":{"line":31,"column":null}},"type":"if","locations":[{"start":{"line":29,"column":4},"end":{"line":31,"column":null}},{"start":{},"end":{}}]}},"s":{"0":0,"1":0,"2":0,"3":0,"4":0,"5":0,"6":0,"7":0,"8":0,"9":0,"10":0,"11":0,"12":0,"13":0},"f":{"0":0,"1":0,"2":0,"3":0},"b":{"0":[0,0]}}
,"C:/Users/ndeca/Documents/Sammy-Packages/Ysamark/verdantkit-react/src/components/ApplicationContext/components/AlertDialog/components/index.ts": {"path":"C:/Users/ndeca/Documents/Sammy-Packages/Ysamark/verdantkit-react/src/components/ApplicationContext/components/AlertDialog/components/index.ts","statementMap":{"0":{"start":{"line":3,"column":28},"end":{"line":28,"column":null}}},"fnMap":{},"branchMap":{},"s":{"0":0},"f":{},"b":{}}
,"C:/Users/ndeca/Documents/Sammy-Packages/Ysamark/verdantkit-react/src/components/ApplicationContext/components/FormDialog/index.tsx": {"path":"C:/Users/ndeca/Documents/Sammy-Packages/Ysamark/verdantkit-react/src/components/ApplicationContext/components/FormDialog/index.tsx","statementMap":{"0":{"start":{"line":7,"column":26},"end":{"line":46,"column":null}},"1":{"start":{"line":8,"column":25},"end":{"line":8,"column":null}},"2":{"start":{"line":10,"column":33},"end":{"line":19,"column":null}},"3":{"start":{"line":11,"column":4},"end":{"line":11,"column":null}},"4":{"start":{"line":13,"column":4},"end":{"line":18,"column":null}},"5":{"start":{"line":17,"column":6},"end":{"line":17,"column":null}},"6":{"start":{"line":25,"column":34},"end":{"line":31,"column":null}},"7":{"start":{"line":26,"column":4},"end":{"line":30,"column":null}},"8":{"start":{"line":29,"column":6},"end":{"line":29,"column":null}},"9":{"start":{"line":33,"column":2},"end":{"line":44,"column":null}}},"fnMap":{"0":{"name":"(anonymous_0)","decl":{"start":{"line":7,"column":26},"end":{"line":7,"column":32}},"loc":{"start":{"line":7,"column":32},"end":{"line":46,"column":null}}},"1":{"name":"(anonymous_1)","decl":{"start":{"line":10,"column":33},"end":{"line":10,"column":39}},"loc":{"start":{"line":10,"column":39},"end":{"line":19,"column":null}}},"2":{"name":"(anonymous_2)","decl":{"start":{"line":25,"column":34},"end":{"line":25,"column":35}},"loc":{"start":{"line":25,"column":58},"end":{"line":31,"column":null}}}},"branchMap":{"0":{"loc":{"start":{"line":13,"column":4},"end":{"line":18,"column":null}},"type":"if","locations":[{"start":{"line":13,"column":4},"end":{"line":18,"column":null}},{"start":{},"end":{}}]},"1":{"loc":{"start":{"line":26,"column":4},"end":{"line":30,"column":null}},"type":"if","locations":[{"start":{"line":26,"column":4},"end":{"line":30,"column":null}},{"start":{},"end":{}}]},"2":{"loc":{"start":{"line":40,"column":9},"end":{"line":41,"column":null}},"type":"binary-expr","locations":[{"start":{"line":40,"column":9},"end":{"line":40,"column":null}},{"start":{"line":41,"column":10},"end":{"line":41,"column":null}}]}},"s":{"0":0,"1":0,"2":0,"3":0,"4":0,"5":0,"6":0,"7":0,"8":0,"9":0},"f":{"0":0,"1":0,"2":0},"b":{"0":[0,0],"1":[0,0],"2":[0,0]}}
,"C:/Users/ndeca/Documents/Sammy-Packages/Ysamark/verdantkit-react/src/components/ApplicationContext/components/FormDialog/components/FormWrapper.tsx": {"path":"C:/Users/ndeca/Documents/Sammy-Packages/Ysamark/verdantkit-react/src/components/ApplicationContext/components/FormDialog/components/FormWrapper.tsx","statementMap":{"0":{"start":{"line":11,"column":49},"end":{"line":35,"column":null}},"1":{"start":{"line":12,"column":21},"end":{"line":28,"column":null}},"2":{"start":{"line":13,"column":4},"end":{"line":15,"column":null}},"3":{"start":{"line":14,"column":6},"end":{"line":14,"column":null}},"4":{"start":{"line":17,"column":24},"end":{"line":17,"column":null}},"5":{"start":{"line":19,"column":4},"end":{"line":27,"column":null}},"6":{"start":{"line":20,"column":6},"end":{"line":26,"column":null}},"7":{"start":{"line":21,"column":8},"end":{"line":21,"column":null}},"8":{"start":{"line":23,"column":8},"end":{"line":25,"column":null}},"9":{"start":{"line":24,"column":10},"end":{"line":24,"column":null}},"10":{"start":{"line":30,"column":2},"end":{"line":33,"column":null}}},"fnMap":{"0":{"name":"(anonymous_0)","decl":{"start":{"line":11,"column":49},"end":{"line":11,"column":58}},"loc":{"start":{"line":11,"column":58},"end":{"line":35,"column":null}}},"1":{"name":"(anonymous_1)","decl":{"start":{"line":12,"column":21},"end":{"line":12,"column":22}},"loc":{"start":{"line":12,"column":57},"end":{"line":28,"column":null}}},"2":{"name":"(anonymous_2)","decl":{"start":{"line":20,"column":45},"end":{"line":20,"column":46}},"loc":{"start":{"line":20,"column":69},"end":{"line":26,"column":7}}}},"branchMap":{"0":{"loc":{"start":{"line":13,"column":4},"end":{"line":15,"column":null}},"type":"if","locations":[{"start":{"line":13,"column":4},"end":{"line":15,"column":null}},{"start":{},"end":{}}]},"1":{"loc":{"start":{"line":19,"column":4},"end":{"line":27,"column":null}},"type":"if","locations":[{"start":{"line":19,"column":4},"end":{"line":27,"column":null}},{"start":{},"end":{}}]},"2":{"loc":{"start":{"line":23,"column":8},"end":{"line":25,"column":null}},"type":"if","locations":[{"start":{"line":23,"column":8},"end":{"line":25,"column":null}},{"start":{},"end":{}}]}},"s":{"0":0,"1":0,"2":0,"3":0,"4":0,"5":0,"6":0,"7":0,"8":0,"9":0,"10":0},"f":{"0":0,"1":0,"2":0},"b":{"0":[0,0],"1":[0,0],"2":[0,0]}}
,"C:/Users/ndeca/Documents/Sammy-Packages/Ysamark/verdantkit-react/src/components/ApplicationContext/components/LoadingDialog/index.tsx": {"path":"C:/Users/ndeca/Documents/Sammy-Packages/Ysamark/verdantkit-react/src/components/ApplicationContext/components/LoadingDialog/index.tsx","statementMap":{"0":{"start":{"line":8,"column":54},"end":{"line":25,"column":null}},"1":{"start":{"line":9,"column":18},"end":{"line":9,"column":null}},"2":{"start":{"line":11,"column":2},"end":{"line":23,"column":null}}},"fnMap":{"0":{"name":"(anonymous_0)","decl":{"start":{"line":8,"column":54},"end":{"line":8,"column":60}},"loc":{"start":{"line":8,"column":60},"end":{"line":25,"column":null}}}},"branchMap":{},"s":{"0":0,"1":0,"2":0},"f":{"0":0},"b":{}}
,"C:/Users/ndeca/Documents/Sammy-Packages/Ysamark/verdantkit-react/src/components/ApplicationContext/components/LoadingDialog/loading/index.tsx": {"path":"C:/Users/ndeca/Documents/Sammy-Packages/Ysamark/verdantkit-react/src/components/ApplicationContext/components/LoadingDialog/loading/index.tsx","statementMap":{"0":{"start":{"line":7,"column":18},"end":{"line":28,"column":null}},"1":{"start":{"line":8,"column":2},"end":{"line":26,"column":null}},"2":{"start":{"line":30,"column":33},"end":{"line":34,"column":null}},"3":{"start":{"line":31,"column":17},"end":{"line":31,"column":null}},"4":{"start":{"line":32,"column":18},"end":{"line":32,"column":null}},"5":{"start":{"line":33,"column":15},"end":{"line":33,"column":null}},"6":{"start":{"line":47,"column":61},"end":{"line":51,"column":null}},"7":{"start":{"line":48,"column":22},"end":{"line":48,"column":null}},"8":{"start":{"line":50,"column":2},"end":{"line":50,"column":null}}},"fnMap":{"0":{"name":"(anonymous_0)","decl":{"start":{"line":7,"column":18},"end":{"line":7,"column":24}},"loc":{"start":{"line":7,"column":24},"end":{"line":28,"column":null}}},"1":{"name":"(anonymous_1)","decl":{"start":{"line":31,"column":11},"end":{"line":31,"column":17}},"loc":{"start":{"line":31,"column":17},"end":{"line":31,"column":null}}},"2":{"name":"(anonymous_2)","decl":{"start":{"line":32,"column":12},"end":{"line":32,"column":18}},"loc":{"start":{"line":32,"column":18},"end":{"line":32,"column":null}}},"3":{"name":"(anonymous_3)","decl":{"start":{"line":33,"column":9},"end":{"line":33,"column":15}},"loc":{"start":{"line":33,"column":15},"end":{"line":33,"column":null}}},"4":{"name":"(anonymous_4)","decl":{"start":{"line":47,"column":61},"end":{"line":47,"column":62}},"loc":{"start":{"line":47,"column":75},"end":{"line":51,"column":null}}}},"branchMap":{},"s":{"0":0,"1":0,"2":0,"3":0,"4":0,"5":0,"6":0,"7":0,"8":0},"f":{"0":0,"1":0,"2":0,"3":0,"4":0},"b":{}}
,"C:/Users/ndeca/Documents/Sammy-Packages/Ysamark/verdantkit-react/src/components/ApplicationContext/contexts/ApplicationContext.tsx": {"path":"C:/Users/ndeca/Documents/Sammy-Packages/Ysamark/verdantkit-react/src/components/ApplicationContext/contexts/ApplicationContext.tsx","statementMap":{"0":{"start":{"line":5,"column":34},"end":{"line":7,"column":null}},"1":{"start":{"line":16,"column":79},"end":{"line":20,"column":null}},"2":{"start":{"line":19,"column":2},"end":{"line":19,"column":null}}},"fnMap":{"0":{"name":"(anonymous_0)","decl":{"start":{"line":16,"column":79},"end":{"line":16,"column":null}},"loc":{"start":{"line":18,"column":5},"end":{"line":20,"column":null}}}},"branchMap":{},"s":{"0":0,"1":0,"2":0},"f":{"0":0},"b":{}}
,"C:/Users/ndeca/Documents/Sammy-Packages/Ysamark/verdantkit-react/src/components/ApplicationContext/contexts/ApplicationPrivateContext.tsx": {"path":"C:/Users/ndeca/Documents/Sammy-Packages/Ysamark/verdantkit-react/src/components/ApplicationContext/contexts/ApplicationPrivateContext.tsx","statementMap":{"0":{"start":{"line":6,"column":2},"end":{"line":8,"column":null}},"1":{"start":{"line":18,"column":2},"end":{"line":20,"column":null}},"2":{"start":{"line":19,"column":4},"end":{"line":19,"column":null}}},"fnMap":{"0":{"name":"(anonymous_0)","decl":{"start":{"line":18,"column":2},"end":{"line":18,"column":3}},"loc":{"start":{"line":18,"column":13},"end":{"line":20,"column":null}}}},"branchMap":{},"s":{"0":0,"1":0,"2":0},"f":{"0":0},"b":{}}
,"C:/Users/ndeca/Documents/Sammy-Packages/Ysamark/verdantkit-react/src/components/ApplicationContext/hooks/index.ts": {"path":"C:/Users/ndeca/Documents/Sammy-Packages/Ysamark/verdantkit-react/src/components/ApplicationContext/hooks/index.ts","statementMap":{"0":{"start":{"line":5,"column":22},"end":{"line":5,"column":null}},"1":{"start":{"line":5,"column":28},"end":{"line":5,"column":null}}},"fnMap":{"0":{"name":"(anonymous_0)","decl":{"start":{"line":5,"column":22},"end":{"line":5,"column":28}},"loc":{"start":{"line":5,"column":28},"end":{"line":5,"column":null}}}},"branchMap":{},"s":{"0":0,"1":0},"f":{"0":0},"b":{}}
,"C:/Users/ndeca/Documents/Sammy-Packages/Ysamark/verdantkit-react/src/components/ApplicationContext/hooks/useApplicationContext.ts": {"path":"C:/Users/ndeca/Documents/Sammy-Packages/Ysamark/verdantkit-react/src/components/ApplicationContext/hooks/useApplicationContext.ts","statementMap":{"0":{"start":{"line":5,"column":37},"end":{"line":5,"column":null}},"1":{"start":{"line":5,"column":43},"end":{"line":5,"column":null}}},"fnMap":{"0":{"name":"(anonymous_0)","decl":{"start":{"line":5,"column":37},"end":{"line":5,"column":43}},"loc":{"start":{"line":5,"column":43},"end":{"line":5,"column":null}}}},"branchMap":{},"s":{"0":0,"1":0},"f":{"0":0},"b":{}}
,"C:/Users/ndeca/Documents/Sammy-Packages/Ysamark/verdantkit-react/src/components/ApplicationContext/hooks/usePrivateApp.ts": {"path":"C:/Users/ndeca/Documents/Sammy-Packages/Ysamark/verdantkit-react/src/components/ApplicationContext/hooks/usePrivateApp.ts","statementMap":{"0":{"start":{"line":5,"column":29},"end":{"line":5,"column":null}},"1":{"start":{"line":5,"column":35},"end":{"line":5,"column":null}}},"fnMap":{"0":{"name":"(anonymous_0)","decl":{"start":{"line":5,"column":29},"end":{"line":5,"column":35}},"loc":{"start":{"line":5,"column":35},"end":{"line":5,"column":null}}}},"branchMap":{},"s":{"0":0,"1":0},"f":{"0":0},"b":{}}
,"C:/Users/ndeca/Documents/Sammy-Packages/Ysamark/verdantkit-react/src/components/ApplicationContext/hooks/useApplicationContextDataObject/index.ts": {"path":"C:/Users/ndeca/Documents/Sammy-Packages/Ysamark/verdantkit-react/src/components/ApplicationContext/hooks/useApplicationContextDataObject/index.ts","statementMap":{"0":{"start":{"line":21,"column":57},"end":{"line":25,"column":null}},"1":{"start":{"line":28,"column":2},"end":{"line":138,"column":null}},"2":{"start":{"line":29,"column":48},"end":{"line":29,"column":null}},"3":{"start":{"line":30,"column":50},"end":{"line":30,"column":null}},"4":{"start":{"line":32,"column":6},"end":{"line":32,"column":null}},"5":{"start":{"line":34,"column":6},"end":{"line":34,"column":null}},"6":{"start":{"line":35,"column":32},"end":{"line":35,"column":null}},"7":{"start":{"line":37,"column":34},"end":{"line":37,"column":null}},"8":{"start":{"line":38,"column":35},"end":{"line":38,"column":null}},"9":{"start":{"line":39,"column":40},"end":{"line":39,"column":null}},"10":{"start":{"line":40,"column":41},"end":{"line":40,"column":null}},"11":{"start":{"line":41,"column":41},"end":{"line":41,"column":null}},"12":{"start":{"line":43,"column":50},"end":{"line":119,"column":null}},"13":{"start":{"line":48,"column":22},"end":{"line":52,"column":null}},"14":{"start":{"line":54,"column":8},"end":{"line":54,"column":null}},"15":{"start":{"line":58,"column":31},"end":{"line":64,"column":null}},"16":{"start":{"line":66,"column":8},"end":{"line":66,"column":null}},"17":{"start":{"line":70,"column":8},"end":{"line":70,"column":null}},"18":{"start":{"line":72,"column":8},"end":{"line":72,"column":null}},"19":{"start":{"line":76,"column":8},"end":{"line":76,"column":null}},"20":{"start":{"line":78,"column":8},"end":{"line":78,"column":null}},"21":{"start":{"line":82,"column":8},"end":{"line":82,"column":null}},"22":{"start":{"line":84,"column":8},"end":{"line":84,"column":null}},"23":{"start":{"line":88,"column":8},"end":{"line":88,"column":null}},"24":{"start":{"line":90,"column":8},"end":{"line":90,"column":null}},"25":{"start":{"line":94,"column":8},"end":{"line":94,"column":null}},"26":{"start":{"line":96,"column":8},"end":{"line":96,"column":null}},"27":{"start":{"line":100,"column":8},"end":{"line":100,"column":null}},"28":{"start":{"line":102,"column":8},"end":{"line":102,"column":null}},"29":{"start":{"line":106,"column":30},"end":{"line":106,"column":null}},"30":{"start":{"line":108,"column":8},"end":{"line":108,"column":null}},"31":{"start":{"line":112,"column":31},"end":{"line":115,"column":null}},"32":{"start":{"line":117,"column":8},"end":{"line":117,"column":null}},"33":{"start":{"line":121,"column":4},"end":{"line":137,"column":null}}},"fnMap":{"0":{"name":"(anonymous_0)","decl":{"start":{"line":28,"column":2},"end":{"line":28,"column":3}},"loc":{"start":{"line":28,"column":13},"end":{"line":138,"column":null}}},"1":{"name":"(anonymous_1)","decl":{"start":{"line":47,"column":6},"end":{"line":47,"column":15}},"loc":{"start":{"line":47,"column":21},"end":{"line":55,"column":null}}},"2":{"name":"(anonymous_2)","decl":{"start":{"line":57,"column":22},"end":{"line":57,"column":26}},"loc":{"start":{"line":57,"column":35},"end":{"line":67,"column":null}}},"3":{"name":"(anonymous_3)","decl":{"start":{"line":69,"column":27},"end":{"line":69,"column":31}},"loc":{"start":{"line":69,"column":40},"end":{"line":73,"column":null}}},"4":{"name":"(anonymous_4)","decl":{"start":{"line":75,"column":28},"end":{"line":75,"column":32}},"loc":{"start":{"line":75,"column":41},"end":{"line":79,"column":null}}},"5":{"name":"(anonymous_5)","decl":{"start":{"line":81,"column":28},"end":{"line":81,"column":32}},"loc":{"start":{"line":81,"column":41},"end":{"line":85,"column":null}}},"6":{"name":"(anonymous_6)","decl":{"start":{"line":87,"column":27},"end":{"line":87,"column":31}},"loc":{"start":{"line":87,"column":40},"end":{"line":91,"column":null}}},"7":{"name":"(anonymous_7)","decl":{"start":{"line":93,"column":28},"end":{"line":93,"column":32}},"loc":{"start":{"line":93,"column":41},"end":{"line":97,"column":null}}},"8":{"name":"(anonymous_8)","decl":{"start":{"line":99,"column":29},"end":{"line":99,"column":33}},"loc":{"start":{"line":99,"column":42},"end":{"line":103,"column":null}}},"9":{"name":"(anonymous_9)","decl":{"start":{"line":105,"column":17},"end":{"line":105,"column":18}},"loc":{"start":{"line":105,"column":28},"end":{"line":109,"column":null}}},"10":{"name":"(anonymous_10)","decl":{"start":{"line":111,"column":6},"end":{"line":111,"column":21}},"loc":{"start":{"line":111,"column":30},"end":{"line":118,"column":null}}}},"branchMap":{"0":{"loc":{"start":{"line":45,"column":14},"end":{"line":45,"column":null}},"type":"binary-expr","locations":[{"start":{"line":45,"column":14},"end":{"line":45,"column":47}},{"start":{"line":45,"column":47},"end":{"line":45,"column":null}}]}},"s":{"0":0,"1":0,"2":0,"3":0,"4":0,"5":0,"6":0,"7":0,"8":0,"9":0,"10":0,"11":0,"12":0,"13":0,"14":0,"15":0,"16":0,"17":0,"18":0,"19":0,"20":0,"21":0,"22":0,"23":0,"24":0,"25":0,"26":0,"27":0,"28":0,"29":0,"30":0,"31":0,"32":0,"33":0},"f":{"0":0,"1":0,"2":0,"3":0,"4":0,"5":0,"6":0,"7":0,"8":0,"9":0,"10":0},"b":{"0":[0,0]}}
,"C:/Users/ndeca/Documents/Sammy-Packages/Ysamark/verdantkit-react/src/components/ApplicationContext/hooks/useApplicationContextDataObject/utils/alert.ts": {"path":"C:/Users/ndeca/Documents/Sammy-Packages/Ysamark/verdantkit-react/src/components/ApplicationContext/hooks/useApplicationContextDataObject/utils/alert.ts","statementMap":{"0":{"start":{"line":19,"column":2},"end":{"line":41,"column":null}},"1":{"start":{"line":20,"column":2},"end":{"line":41,"column":null}},"2":{"start":{"line":21,"column":27},"end":{"line":21,"column":null}},"3":{"start":{"line":23,"column":53},"end":{"line":23,"column":null}},"4":{"start":{"line":26,"column":6},"end":{"line":26,"column":null}},"5":{"start":{"line":28,"column":4},"end":{"line":32,"column":null}},"6":{"start":{"line":34,"column":4},"end":{"line":34,"column":null}},"7":{"start":{"line":36,"column":4},"end":{"line":40,"column":null}},"8":{"start":{"line":37,"column":6},"end":{"line":39,"column":null}},"9":{"start":{"line":38,"column":8},"end":{"line":38,"column":null}}},"fnMap":{"0":{"name":"(anonymous_0)","decl":{"start":{"line":19,"column":2},"end":{"line":19,"column":3}},"loc":{"start":{"line":20,"column":2},"end":{"line":41,"column":null}}},"1":{"name":"(anonymous_1)","decl":{"start":{"line":20,"column":2},"end":{"line":20,"column":6}},"loc":{"start":{"line":20,"column":15},"end":{"line":41,"column":null}}},"2":{"name":"(anonymous_2)","decl":{"start":{"line":36,"column":23},"end":{"line":36,"column":24}},"loc":{"start":{"line":36,"column":36},"end":{"line":40,"column":5}}},"3":{"name":"(anonymous_3)","decl":{"start":{"line":37,"column":53},"end":{"line":37,"column":54}},"loc":{"start":{"line":37,"column":67},"end":{"line":39,"column":null}}}},"branchMap":{"0":{"loc":{"start":{"line":21,"column":27},"end":{"line":21,"column":null}},"type":"cond-expr","locations":[{"start":{"line":21,"column":46},"end":{"line":21,"column":53}},{"start":{"line":21,"column":53},"end":{"line":21,"column":null}}]},"1":{"loc":{"start":{"line":26,"column":6},"end":{"line":26,"column":null}},"type":"cond-expr","locations":[{"start":{"line":26,"column":57},"end":{"line":26,"column":72}},{"start":{"line":26,"column":72},"end":{"line":26,"column":null}}]},"2":{"loc":{"start":{"line":26,"column":6},"end":{"line":26,"column":57}},"type":"binary-expr","locations":[{"start":{"line":26,"column":6},"end":{"line":26,"column":22}},{"start":{"line":26,"column":22},"end":{"line":26,"column":57}}]},"3":{"loc":{"start":{"line":30,"column":13},"end":{"line":30,"column":null}},"type":"cond-expr","locations":[{"start":{"line":30,"column":35},"end":{"line":30,"column":48}},{"start":{"line":30,"column":48},"end":{"line":30,"column":null}}]}},"s":{"0":0,"1":0,"2":0,"3":0,"4":0,"5":0,"6":0,"7":0,"8":0,"9":0},"f":{"0":0,"1":0,"2":0,"3":0},"b":{"0":[0,0],"1":[0,0],"2":[0,0],"3":[0,0]}}
,"C:/Users/ndeca/Documents/Sammy-Packages/Ysamark/verdantkit-react/src/components/ApplicationContext/hooks/useApplicationContextDataObject/utils/openFormDialog.ts": {"path":"C:/Users/ndeca/Documents/Sammy-Packages/Ysamark/verdantkit-react/src/components/ApplicationContext/hooks/useApplicationContextDataObject/utils/openFormDialog.ts","statementMap":{"0":{"start":{"line":27,"column":52},"end":{"line":27,"column":null}},"1":{"start":{"line":30,"column":2},"end":{"line":89,"column":null}},"2":{"start":{"line":30,"column":15},"end":{"line":89,"column":null}},"3":{"start":{"line":35,"column":33},"end":{"line":37,"column":null}},"4":{"start":{"line":36,"column":6},"end":{"line":36,"column":null}},"5":{"start":{"line":39,"column":28},"end":{"line":43,"column":null}},"6":{"start":{"line":40,"column":6},"end":{"line":40,"column":null}},"7":{"start":{"line":42,"column":6},"end":{"line":42,"column":null}},"8":{"start":{"line":45,"column":4},"end":{"line":47,"column":null}},"9":{"start":{"line":46,"column":6},"end":{"line":46,"column":null}},"10":{"start":{"line":49,"column":4},"end":{"line":49,"column":null}},"11":{"start":{"line":51,"column":4},"end":{"line":51,"column":null}},"12":{"start":{"line":51,"column":39},"end":{"line":51,"column":50}},"13":{"start":{"line":53,"column":4},"end":{"line":88,"column":null}},"14":{"start":{"line":54,"column":34},"end":{"line":57,"column":null}},"15":{"start":{"line":59,"column":6},"end":{"line":66,"column":null}},"16":{"start":{"line":60,"column":8},"end":{"line":65,"column":null}},"17":{"start":{"line":68,"column":6},"end":{"line":87,"column":null}},"18":{"start":{"line":69,"column":28},"end":{"line":69,"column":null}},"19":{"start":{"line":70,"column":25},"end":{"line":70,"column":null}},"20":{"start":{"line":71,"column":29},"end":{"line":71,"column":null}},"21":{"start":{"line":73,"column":34},"end":{"line":75,"column":null}},"22":{"start":{"line":77,"column":8},"end":{"line":86,"column":null}},"23":{"start":{"line":78,"column":10},"end":{"line":78,"column":null}},"24":{"start":{"line":80,"column":10},"end":{"line":85,"column":null}}},"fnMap":{"0":{"name":"(anonymous_0)","decl":{"start":{"line":30,"column":2},"end":{"line":30,"column":3}},"loc":{"start":{"line":30,"column":15},"end":{"line":89,"column":null}}},"1":{"name":"(anonymous_1)","decl":{"start":{"line":30,"column":15},"end":{"line":30,"column":16}},"loc":{"start":{"line":30,"column":54},"end":{"line":89,"column":null}}},"2":{"name":"(anonymous_2)","decl":{"start":{"line":35,"column":33},"end":{"line":35,"column":39}},"loc":{"start":{"line":35,"column":39},"end":{"line":37,"column":null}}},"3":{"name":"(anonymous_3)","decl":{"start":{"line":39,"column":28},"end":{"line":39,"column":34}},"loc":{"start":{"line":39,"column":34},"end":{"line":43,"column":null}}},"4":{"name":"(anonymous_4)","decl":{"start":{"line":51,"column":33},"end":{"line":51,"column":39}},"loc":{"start":{"line":51,"column":39},"end":{"line":51,"column":50}}},"5":{"name":"(anonymous_5)","decl":{"start":{"line":53,"column":23},"end":{"line":53,"column":24}},"loc":{"start":{"line":53,"column":36},"end":{"line":88,"column":5}}},"6":{"name":"(anonymous_6)","decl":{"start":{"line":59,"column":52},"end":{"line":59,"column":58}},"loc":{"start":{"line":59,"column":58},"end":{"line":66,"column":null}}},"7":{"name":"(anonymous_7)","decl":{"start":{"line":68,"column":53},"end":{"line":68,"column":60}},"loc":{"start":{"line":68,"column":70},"end":{"line":87,"column":null}}}},"branchMap":{"0":{"loc":{"start":{"line":45,"column":4},"end":{"line":47,"column":null}},"type":"if","locations":[{"start":{"line":45,"column":4},"end":{"line":47,"column":null}},{"start":{},"end":{}}]},"1":{"loc":{"start":{"line":77,"column":8},"end":{"line":86,"column":null}},"type":"if","locations":[{"start":{"line":77,"column":8},"end":{"line":86,"column":null}},{"start":{},"end":{}}]}},"s":{"0":0,"1":0,"2":0,"3":0,"4":0,"5":0,"6":0,"7":0,"8":0,"9":0,"10":0,"11":0,"12":0,"13":0,"14":0,"15":0,"16":0,"17":0,"18":0,"19":0,"20":0,"21":0,"22":0,"23":0,"24":0},"f":{"0":0,"1":0,"2":0,"3":0,"4":0,"5":0,"6":0,"7":0},"b":{"0":[0,0],"1":[0,0]}}
,"C:/Users/ndeca/Documents/Sammy-Packages/Ysamark/verdantkit-react/src/components/ApplicationContext/hooks/useApplicationContextDataObject/utils/resolvePromise.ts": {"path":"C:/Users/ndeca/Documents/Sammy-Packages/Ysamark/verdantkit-react/src/components/ApplicationContext/hooks/useApplicationContextDataObject/utils/resolvePromise.ts","statementMap":{"0":{"start":{"line":16,"column":42},"end":{"line":16,"column":null}},"1":{"start":{"line":19,"column":2},"end":{"line":64,"column":null}},"2":{"start":{"line":19,"column":15},"end":{"line":64,"column":null}},"3":{"start":{"line":20,"column":31},"end":{"line":25,"column":null}},"4":{"start":{"line":21,"column":6},"end":{"line":24,"column":null}},"5":{"start":{"line":21,"column":61},"end":{"line":24,"column":8}},"6":{"start":{"line":27,"column":4},"end":{"line":29,"column":null}},"7":{"start":{"line":31,"column":4},"end":{"line":63,"column":null}},"8":{"start":{"line":32,"column":29},"end":{"line":60,"column":null}},"9":{"start":{"line":33,"column":8},"end":{"line":59,"column":null}},"10":{"start":{"line":34,"column":23},"end":{"line":34,"column":null}},"11":{"start":{"line":36,"column":10},"end":{"line":39,"column":null}},"12":{"start":{"line":41,"column":10},"end":{"line":45,"column":null}},"13":{"start":{"line":42,"column":12},"end":{"line":42,"column":null}},"14":{"start":{"line":44,"column":12},"end":{"line":44,"column":null}},"15":{"start":{"line":47,"column":10},"end":{"line":50,"column":null}},"16":{"start":{"line":52,"column":10},"end":{"line":56,"column":null}},"17":{"start":{"line":53,"column":12},"end":{"line":53,"column":null}},"18":{"start":{"line":55,"column":12},"end":{"line":55,"column":null}},"19":{"start":{"line":58,"column":10},"end":{"line":58,"column":null}},"20":{"start":{"line":62,"column":6},"end":{"line":62,"column":null}}},"fnMap":{"0":{"name":"(anonymous_0)","decl":{"start":{"line":19,"column":2},"end":{"line":19,"column":3}},"loc":{"start":{"line":19,"column":15},"end":{"line":64,"column":null}}},"1":{"name":"(anonymous_1)","decl":{"start":{"line":19,"column":15},"end":{"line":19,"column":16}},"loc":{"start":{"line":19,"column":28},"end":{"line":64,"column":null}}},"2":{"name":"(anonymous_2)","decl":{"start":{"line":20,"column":31},"end":{"line":20,"column":32}},"loc":{"start":{"line":20,"column":78},"end":{"line":25,"column":null}}},"3":{"name":"(anonymous_3)","decl":{"start":{"line":21,"column":36},"end":{"line":21,"column":37}},"loc":{"start":{"line":21,"column":61},"end":{"line":24,"column":8}}},"4":{"name":"(anonymous_4)","decl":{"start":{"line":31,"column":23},"end":{"line":31,"column":24}},"loc":{"start":{"line":31,"column":36},"end":{"line":63,"column":5}}},"5":{"name":"(anonymous_5)","decl":{"start":{"line":32,"column":29},"end":{"line":32,"column":41}},"loc":{"start":{"line":32,"column":41},"end":{"line":60,"column":null}}},"6":{"name":"(anonymous_6)","decl":{"start":{"line":41,"column":21},"end":{"line":41,"column":27}},"loc":{"start":{"line":41,"column":27},"end":{"line":45,"column":13}}},"7":{"name":"(anonymous_7)","decl":{"start":{"line":52,"column":21},"end":{"line":52,"column":27}},"loc":{"start":{"line":52,"column":27},"end":{"line":56,"column":13}}}},"branchMap":{},"s":{"0":0,"1":0,"2":0,"3":0,"4":0,"5":0,"6":0,"7":0,"8":0,"9":0,"10":0,"11":0,"12":0,"13":0,"14":0,"15":0,"16":0,"17":0,"18":0,"19":0,"20":0},"f":{"0":0,"1":0,"2":0,"3":0,"4":0,"5":0,"6":0,"7":0},"b":{}}
,"C:/Users/ndeca/Documents/Sammy-Packages/Ysamark/verdantkit-react/src/components/Aside/index.tsx": {"path":"C:/Users/ndeca/Documents/Sammy-Packages/Ysamark/verdantkit-react/src/components/Aside/index.tsx","statementMap":{"0":{"start":{"line":8,"column":37},"end":{"line":14,"column":null}},"1":{"start":{"line":9,"column":2},"end":{"line":12,"column":null}}},"fnMap":{"0":{"name":"(anonymous_0)","decl":{"start":{"line":8,"column":37},"end":{"line":8,"column":38}},"loc":{"start":{"line":8,"column":48},"end":{"line":14,"column":null}}}},"branchMap":{},"s":{"0":0,"1":0},"f":{"0":0},"b":{}}
,"C:/Users/ndeca/Documents/Sammy-Packages/Ysamark/verdantkit-react/src/components/Aside/AsideLink/index.tsx": {"path":"C:/Users/ndeca/Documents/Sammy-Packages/Ysamark/verdantkit-react/src/components/Aside/AsideLink/index.tsx","statementMap":{"0":{"start":{"line":19,"column":45},"end":{"line":72,"column":null}},"1":{"start":{"line":20,"column":32},"end":{"line":20,"column":null}},"2":{"start":{"line":21,"column":26},"end":{"line":23,"column":null}},"3":{"start":{"line":25,"column":15},"end":{"line":25,"column":null}},"4":{"start":{"line":27,"column":61},"end":{"line":33,"column":null}},"5":{"start":{"line":31,"column":4},"end":{"line":33,"column":null}},"6":{"start":{"line":36,"column":63},"end":{"line":42,"column":null}},"7":{"start":{"line":37,"column":4},"end":{"line":42,"column":null}},"8":{"start":{"line":46,"column":4},"end":{"line":46,"column":null}},"9":{"start":{"line":48,"column":4},"end":{"line":50,"column":null}},"10":{"start":{"line":49,"column":6},"end":{"line":49,"column":null}},"11":{"start":{"line":53,"column":22},"end":{"line":53,"column":null}},"12":{"start":{"line":55,"column":2},"end":{"line":70,"column":null}}},"fnMap":{"0":{"name":"(anonymous_0)","decl":{"start":{"line":19,"column":45},"end":{"line":19,"column":46}},"loc":{"start":{"line":19,"column":56},"end":{"line":72,"column":null}}},"1":{"name":"(anonymous_1)","decl":{"start":{"line":27,"column":61},"end":{"line":27,"column":62}},"loc":{"start":{"line":31,"column":4},"end":{"line":33,"column":null}}},"2":{"name":"(anonymous_2)","decl":{"start":{"line":36,"column":63},"end":{"line":36,"column":64}},"loc":{"start":{"line":37,"column":4},"end":{"line":42,"column":null}}},"3":{"name":"buttonClickHandler","decl":{"start":{"line":45,"column":11},"end":{"line":45,"column":32}},"loc":{"start":{"line":45,"column":32},"end":{"line":51,"column":null}}}},"branchMap":{"0":{"loc":{"start":{"line":20,"column":50},"end":{"line":20,"column":75}},"type":"binary-expr","locations":[{"start":{"line":20,"column":50},"end":{"line":20,"column":71}},{"start":{"line":20,"column":71},"end":{"line":20,"column":75}}]},"1":{"loc":{"start":{"line":22,"column":4},"end":{"line":22,"column":null}},"type":"binary-expr","locations":[{"start":{"line":22,"column":4},"end":{"line":22,"column":18}},{"start":{"line":22,"column":18},"end":{"line":22,"column":null}}]},"2":{"loc":{"start":{"line":25,"column":15},"end":{"line":25,"column":null}},"type":"binary-expr","locations":[{"start":{"line":25,"column":15},"end":{"line":25,"column":30}},{"start":{"line":25,"column":30},"end":{"line":25,"column":null}}]},"3":{"loc":{"start":{"line":31,"column":23},"end":{"line":31,"column":null}},"type":"binary-expr","locations":[{"start":{"line":31,"column":23},"end":{"line":31,"column":37}},{"start":{"line":31,"column":37},"end":{"line":31,"column":null}}]},"4":{"loc":{"start":{"line":48,"column":4},"end":{"line":50,"column":null}},"type":"if","locations":[{"start":{"line":48,"column":4},"end":{"line":50,"column":null}},{"start":{},"end":{}}]},"5":{"loc":{"start":{"line":49,"column":14},"end":{"line":49,"column":70}},"type":"cond-expr","locations":[{"start":{"line":49,"column":40},"end":{"line":49,"column":56}},{"start":{"line":49,"column":56},"end":{"line":49,"column":70}}]},"6":{"loc":{"start":{"line":53,"column":22},"end":{"line":53,"column":null}},"type":"cond-expr","locations":[{"start":{"line":53,"column":39},"end":{"line":53,"column":55}},{"start":{"line":53,"column":55},"end":{"line":53,"column":null}}]},"7":{"loc":{"start":{"line":69,"column":7},"end":{"line":69,"column":null}},"type":"binary-expr","locations":[{"start":{"line":69,"column":7},"end":{"line":69,"column":19}},{"start":{"line":69,"column":19},"end":{"line":69,"column":null}}]}},"s":{"0":0,"1":0,"2":0,"3":0,"4":0,"5":0,"6":0,"7":0,"8":0,"9":0,"10":0,"11":0,"12":0},"f":{"0":0,"1":0,"2":0,"3":0},"b":{"0":[0,0],"1":[0,0],"2":[0,0],"3":[0,0],"4":[0,0],"5":[0,0],"6":[0,0],"7":[0,0]}}
,"C:/Users/ndeca/Documents/Sammy-Packages/Ysamark/verdantkit-react/src/components/Aside/AsideSection/index.tsx": {"path":"C:/Users/ndeca/Documents/Sammy-Packages/Ysamark/verdantkit-react/src/components/Aside/AsideSection/index.tsx","statementMap":{"0":{"start":{"line":12,"column":51},"end":{"line":25,"column":null}},"1":{"start":{"line":13,"column":2},"end":{"line":23,"column":null}}},"fnMap":{"0":{"name":"(anonymous_0)","decl":{"start":{"line":12,"column":51},"end":{"line":12,"column":52}},"loc":{"start":{"line":12,"column":76},"end":{"line":25,"column":null}}}},"branchMap":{"0":{"loc":{"start":{"line":15,"column":7},"end":{"line":20,"column":null}},"type":"binary-expr","locations":[{"start":{"line":15,"column":7},"end":{"line":15,"column":null}},{"start":{"line":16,"column":8},"end":{"line":20,"column":null}}]}},"s":{"0":0,"1":0},"f":{"0":0},"b":{"0":[0,0]}}
,"C:/Users/ndeca/Documents/Sammy-Packages/Ysamark/verdantkit-react/src/components/CardButtons/CardButton.tsx": {"path":"C:/Users/ndeca/Documents/Sammy-Packages/Ysamark/verdantkit-react/src/components/CardButtons/CardButton.tsx","statementMap":{"0":{"start":{"line":16,"column":47},"end":{"line":37,"column":null}},"1":{"start":{"line":17,"column":20},"end":{"line":17,"column":null}},"2":{"start":{"line":19,"column":48},"end":{"line":21,"column":null}},"3":{"start":{"line":20,"column":4},"end":{"line":20,"column":null}},"4":{"start":{"line":23,"column":17},"end":{"line":23,"column":null}},"5":{"start":{"line":25,"column":2},"end":{"line":35,"column":null}}},"fnMap":{"0":{"name":"(anonymous_0)","decl":{"start":{"line":16,"column":47},"end":{"line":16,"column":48}},"loc":{"start":{"line":16,"column":78},"end":{"line":37,"column":null}}},"1":{"name":"(anonymous_1)","decl":{"start":{"line":19,"column":48},"end":{"line":19,"column":49}},"loc":{"start":{"line":19,"column":59},"end":{"line":21,"column":null}}}},"branchMap":{"0":{"loc":{"start":{"line":16,"column":50},"end":{"line":16,"column":63}},"type":"default-arg","locations":[{"start":{"line":16,"column":57},"end":{"line":16,"column":63}}]},"1":{"loc":{"start":{"line":17,"column":28},"end":{"line":17,"column":71}},"type":"binary-expr","locations":[{"start":{"line":17,"column":28},"end":{"line":17,"column":56}},{"start":{"line":17,"column":56},"end":{"line":17,"column":71}}]},"2":{"loc":{"start":{"line":20,"column":23},"end":{"line":20,"column":37}},"type":"binary-expr","locations":[{"start":{"line":20,"column":23},"end":{"line":20,"column":31}},{"start":{"line":20,"column":31},"end":{"line":20,"column":37}}]},"3":{"loc":{"start":{"line":23,"column":17},"end":{"line":23,"column":null}},"type":"cond-expr","locations":[{"start":{"line":23,"column":29},"end":{"line":23,"column":45}},{"start":{"line":23,"column":45},"end":{"line":23,"column":null}}]}},"s":{"0":0,"1":0,"2":0,"3":0,"4":0,"5":0},"f":{"0":0,"1":0},"b":{"0":[0],"1":[0,0],"2":[0,0],"3":[0,0]}}
,"C:/Users/ndeca/Documents/Sammy-Packages/Ysamark/verdantkit-react/src/components/CardButtons/components.tsx": {"path":"C:/Users/ndeca/Documents/Sammy-Packages/Ysamark/verdantkit-react/src/components/CardButtons/components.tsx","statementMap":{"0":{"start":{"line":5,"column":29},"end":{"line":12,"column":null}},"1":{"start":{"line":6,"column":2},"end":{"line":10,"column":null}}},"fnMap":{"0":{"name":"(anonymous_0)","decl":{"start":{"line":5,"column":29},"end":{"line":5,"column":30}},"loc":{"start":{"line":5,"column":60},"end":{"line":12,"column":null}}}},"branchMap":{},"s":{"0":0,"1":0},"f":{"0":0},"b":{}}
,"C:/Users/ndeca/Documents/Sammy-Packages/Ysamark/verdantkit-react/src/components/CardButtons/index.tsx": {"path":"C:/Users/ndeca/Documents/Sammy-Packages/Ysamark/verdantkit-react/src/components/CardButtons/index.tsx","statementMap":{"0":{"start":{"line":5,"column":49},"end":{"line":14,"column":null}},"1":{"start":{"line":7,"column":4},"end":{"line":7,"column":null}},"2":{"start":{"line":9,"column":2},"end":{"line":12,"column":null}}},"fnMap":{"0":{"name":"(anonymous_0)","decl":{"start":{"line":5,"column":49},"end":{"line":5,"column":50}},"loc":{"start":{"line":5,"column":60},"end":{"line":14,"column":null}}}},"branchMap":{"0":{"loc":{"start":{"line":7,"column":4},"end":{"line":7,"column":null}},"type":"cond-expr","locations":[{"start":{"line":7,"column":38},"end":{"line":7,"column":55}},{"start":{"line":7,"column":55},"end":{"line":7,"column":null}}]}},"s":{"0":0,"1":0,"2":0},"f":{"0":0},"b":{"0":[0,0]}}
,"C:/Users/ndeca/Documents/Sammy-Packages/Ysamark/verdantkit-react/src/components/Dialog/DialogBody.tsx": {"path":"C:/Users/ndeca/Documents/Sammy-Packages/Ysamark/verdantkit-react/src/components/Dialog/DialogBody.tsx","statementMap":{"0":{"start":{"line":14,"column":47},"end":{"line":44,"column":null}},"1":{"start":{"line":15,"column":24},"end":{"line":15,"column":null}},"2":{"start":{"line":17,"column":18},"end":{"line":17,"column":null}},"3":{"start":{"line":19,"column":2},"end":{"line":33,"column":null}},"4":{"start":{"line":20,"column":30},"end":{"line":20,"column":null}},"5":{"start":{"line":22,"column":26},"end":{"line":24,"column":null}},"6":{"start":{"line":23,"column":6},"end":{"line":23,"column":null}},"7":{"start":{"line":26,"column":4},"end":{"line":26,"column":null}},"8":{"start":{"line":28,"column":4},"end":{"line":28,"column":null}},"9":{"start":{"line":30,"column":4},"end":{"line":32,"column":null}},"10":{"start":{"line":31,"column":6},"end":{"line":31,"column":null}},"11":{"start":{"line":35,"column":2},"end":{"line":37,"column":null}},"12":{"start":{"line":36,"column":4},"end":{"line":36,"column":null}},"13":{"start":{"line":39,"column":2},"end":{"line":42,"column":null}}},"fnMap":{"0":{"name":"(anonymous_0)","decl":{"start":{"line":14,"column":47},"end":{"line":14,"column":48}},"loc":{"start":{"line":14,"column":58},"end":{"line":44,"column":null}}},"1":{"name":"(anonymous_1)","decl":{"start":{"line":19,"column":12},"end":{"line":19,"column":18}},"loc":{"start":{"line":19,"column":18},"end":{"line":33,"column":3}}},"2":{"name":"(anonymous_2)","decl":{"start":{"line":22,"column":26},"end":{"line":22,"column":32}},"loc":{"start":{"line":22,"column":32},"end":{"line":24,"column":null}}},"3":{"name":"(anonymous_3)","decl":{"start":{"line":30,"column":11},"end":{"line":30,"column":17}},"loc":{"start":{"line":30,"column":17},"end":{"line":32,"column":null}}},"4":{"name":"(anonymous_4)","decl":{"start":{"line":35,"column":12},"end":{"line":35,"column":18}},"loc":{"start":{"line":35,"column":18},"end":{"line":37,"column":5}}}},"branchMap":{},"s":{"0":0,"1":0,"2":0,"3":0,"4":0,"5":0,"6":0,"7":0,"8":0,"9":0,"10":0,"11":0,"12":0,"13":0},"f":{"0":0,"1":0,"2":0,"3":0,"4":0},"b":{}}
,"C:/Users/ndeca/Documents/Sammy-Packages/Ysamark/verdantkit-react/src/components/Dialog/context.tsx": {"path":"C:/Users/ndeca/Documents/Sammy-Packages/Ysamark/verdantkit-react/src/components/Dialog/context.tsx","statementMap":{"0":{"start":{"line":4,"column":29},"end":{"line":6,"column":null}},"1":{"start":{"line":15,"column":69},"end":{"line":19,"column":null}},"2":{"start":{"line":18,"column":2},"end":{"line":18,"column":null}}},"fnMap":{"0":{"name":"(anonymous_0)","decl":{"start":{"line":15,"column":69},"end":{"line":15,"column":null}},"loc":{"start":{"line":17,"column":5},"end":{"line":19,"column":null}}}},"branchMap":{},"s":{"0":0,"1":0,"2":0},"f":{"0":0},"b":{}}
,"C:/Users/ndeca/Documents/Sammy-Packages/Ysamark/verdantkit-react/src/components/Dialog/index.tsx": {"path":"C:/Users/ndeca/Documents/Sammy-Packages/Ysamark/verdantkit-react/src/components/Dialog/index.tsx","statementMap":{"0":{"start":{"line":17,"column":39},"end":{"line":142,"column":null}},"1":{"start":{"line":18,"column":26},"end":{"line":18,"column":null}},"2":{"start":{"line":22,"column":35},"end":{"line":22,"column":null}},"3":{"start":{"line":23,"column":34},"end":{"line":23,"column":null}},"4":{"start":{"line":25,"column":30},"end":{"line":48,"column":null}},"5":{"start":{"line":26,"column":4},"end":{"line":28,"column":null}},"6":{"start":{"line":27,"column":6},"end":{"line":27,"column":null}},"7":{"start":{"line":30,"column":4},"end":{"line":30,"column":null}},"8":{"start":{"line":32,"column":35},"end":{"line":32,"column":null}},"9":{"start":{"line":33,"column":35},"end":{"line":33,"column":null}},"10":{"start":{"line":35,"column":4},"end":{"line":47,"column":null}},"11":{"start":{"line":40,"column":42},"end":{"line":44,"column":null}},"12":{"start":{"line":46,"column":6},"end":{"line":46,"column":null}},"13":{"start":{"line":50,"column":2},"end":{"line":52,"column":null}},"14":{"start":{"line":51,"column":4},"end":{"line":51,"column":null}},"15":{"start":{"line":54,"column":2},"end":{"line":58,"column":null}},"16":{"start":{"line":55,"column":4},"end":{"line":57,"column":null}},"17":{"start":{"line":56,"column":6},"end":{"line":56,"column":null}},"18":{"start":{"line":60,"column":2},"end":{"line":62,"column":null}},"19":{"start":{"line":61,"column":4},"end":{"line":61,"column":null}},"20":{"start":{"line":64,"column":34},"end":{"line":70,"column":null}},"21":{"start":{"line":65,"column":4},"end":{"line":65,"column":null}},"22":{"start":{"line":67,"column":4},"end":{"line":69,"column":null}},"23":{"start":{"line":68,"column":6},"end":{"line":68,"column":null}},"24":{"start":{"line":72,"column":29},"end":{"line":76,"column":null}},"25":{"start":{"line":73,"column":4},"end":{"line":76,"column":null}},"26":{"start":{"line":78,"column":17},"end":{"line":81,"column":null}},"27":{"start":{"line":84,"column":4},"end":{"line":84,"column":null}},"28":{"start":{"line":86,"column":28},"end":{"line":86,"column":null}},"29":{"start":{"line":88,"column":28},"end":{"line":88,"column":null}},"30":{"start":{"line":90,"column":4},"end":{"line":90,"column":null}},"31":{"start":{"line":93,"column":4},"end":{"line":93,"column":null}},"32":{"start":{"line":95,"column":2},"end":{"line":140,"column":null}}},"fnMap":{"0":{"name":"(anonymous_0)","decl":{"start":{"line":17,"column":39},"end":{"line":17,"column":40}},"loc":{"start":{"line":17,"column":50},"end":{"line":142,"column":null}}},"1":{"name":"(anonymous_1)","decl":{"start":{"line":25,"column":30},"end":{"line":25,"column":31}},"loc":{"start":{"line":25,"column":74},"end":{"line":48,"column":null}}},"2":{"name":"(anonymous_2)","decl":{"start":{"line":50,"column":12},"end":{"line":50,"column":18}},"loc":{"start":{"line":50,"column":18},"end":{"line":52,"column":5}}},"3":{"name":"(anonymous_3)","decl":{"start":{"line":54,"column":12},"end":{"line":54,"column":18}},"loc":{"start":{"line":54,"column":18},"end":{"line":58,"column":5}}},"4":{"name":"(anonymous_4)","decl":{"start":{"line":64,"column":34},"end":{"line":64,"column":40}},"loc":{"start":{"line":64,"column":40},"end":{"line":70,"column":null}}},"5":{"name":"(anonymous_5)","decl":{"start":{"line":72,"column":29},"end":{"line":72,"column":null}},"loc":{"start":{"line":73,"column":4},"end":{"line":76,"column":null}}}},"branchMap":{"0":{"loc":{"start":{"line":18,"column":44},"end":{"line":18,"column":63}},"type":"binary-expr","locations":[{"start":{"line":18,"column":44},"end":{"line":18,"column":58}},{"start":{"line":18,"column":58},"end":{"line":18,"column":63}}]},"1":{"loc":{"start":{"line":26,"column":4},"end":{"line":28,"column":null}},"type":"if","locations":[{"start":{"line":26,"column":4},"end":{"line":28,"column":null}},{"start":{},"end":{}}]},"2":{"loc":{"start":{"line":35,"column":4},"end":{"line":47,"column":null}},"type":"if","locations":[{"start":{"line":35,"column":4},"end":{"line":47,"column":null}},{"start":{},"end":{}}]},"3":{"loc":{"start":{"line":36,"column":6},"end":{"line":37,"column":null}},"type":"binary-expr","locations":[{"start":{"line":36,"column":6},"end":{"line":36,"column":null}},{"start":{"line":37,"column":6},"end":{"line":37,"column":null}}]},"4":{"loc":{"start":{"line":51,"column":12},"end":{"line":51,"column":31}},"type":"binary-expr","locations":[{"start":{"line":51,"column":12},"end":{"line":51,"column":26}},{"start":{"line":51,"column":26},"end":{"line":51,"column":31}}]},"5":{"loc":{"start":{"line":55,"column":4},"end":{"line":57,"column":null}},"type":"if","locations":[{"start":{"line":55,"column":4},"end":{"line":57,"column":null}},{"start":{},"end":{}}]},"6":{"loc":{"start":{"line":60,"column":2},"end":{"line":62,"column":null}},"type":"if","locations":[{"start":{"line":60,"column":2},"end":{"line":62,"column":null}},{"start":{},"end":{}}]},"7":{"loc":{"start":{"line":67,"column":4},"end":{"line":69,"column":null}},"type":"if","locations":[{"start":{"line":67,"column":4},"end":{"line":69,"column":null}},{"start":{},"end":{}}]},"8":{"loc":{"start":{"line":74,"column":6},"end":{"line":75,"column":null}},"type":"binary-expr","locations":[{"start":{"line":74,"column":6},"end":{"line":74,"column":null}},{"start":{"line":75,"column":8},"end":{"line":75,"column":null}}]},"9":{"loc":{"start":{"line":79,"column":4},"end":{"line":80,"column":null}},"type":"binary-expr","locations":[{"start":{"line":79,"column":4},"end":{"line":79,"column":null}},{"start":{"line":80,"column":6},"end":{"line":80,"column":null}}]},"10":{"loc":{"start":{"line":84,"column":4},"end":{"line":84,"column":null}},"type":"binary-expr","locations":[{"start":{"line":84,"column":4},"end":{"line":84,"column":45}},{"start":{"line":84,"column":45},"end":{"line":84,"column":null}}]},"11":{"loc":{"start":{"lin
[...]
,"C:/Users/ndeca/Documents/Sammy-Packages/Ysamark/verdantkit-react/src/stories/FormGroup.stories.ts": {"path":"C:/Users/ndeca/Documents/Sammy-Packages/Ysamark/verdantkit-react/src/stories/FormGroup.stories.ts","statementMap":{"0":{"start":{"line":5,"column":37},"end":{"line":11,"column":null}},"1":{"start":{"line":13,"column":46},"end":{"line":13,"column":null}},"2":{"start":{"line":15,"column":51},"end":{"line":19,"column":null}},"3":{"start":{"line":21,"column":60},"end":{"line":26,"column":null}}},"fnMap":{},"branchMap":{},"s":{"0":0,"1":0,"2":0,"3":0},"f":{},"b":{}}
,"C:/Users/ndeca/Documents/Sammy-Packages/Ysamark/verdantkit-react/src/stories/LongTextFiels.stories.ts": {"path":"C:/Users/ndeca/Documents/Sammy-Packages/Ysamark/verdantkit-react/src/stories/LongTextFiels.stories.ts","statementMap":{"0":{"start":{"line":5,"column":41},"end":{"line":11,"column":null}},"1":{"start":{"line":13,"column":46},"end":{"line":13,"column":null}}},"fnMap":{},"branchMap":{},"s":{"0":0,"1":0},"f":{},"b":{}}
,"C:/Users/ndeca/Documents/Sammy-Packages/Ysamark/verdantkit-react/src/stories/Navigation.stories.tsx": {"path":"C:/Users/ndeca/Documents/Sammy-Packages/Ysamark/verdantkit-react/src/stories/Navigation.stories.tsx","statementMap":{"0":{"start":{"line":5,"column":45},"end":{"line":9,"column":null}},"1":{"start":{"line":11,"column":46},"end":{"line":11,"column":null}}},"fnMap":{},"branchMap":{},"s":{"0":0,"1":0},"f":{},"b":{}}
,"C:/Users/ndeca/Documents/Sammy-Packages/Ysamark/verdantkit-react/src/stories/NavigationElement.tsx": {"path":"C:/Users/ndeca/Documents/Sammy-Packages/Ysamark/verdantkit-react/src/stories/NavigationElement.tsx","statementMap":{"0":{"start":{"line":13,"column":14},"end":{"line":69,"column":null}},"1":{"start":{"line":14,"column":21},"end":{"line":14,"column":null}},"2":{"start":{"line":16,"column":2},"end":{"line":67,"column":null}},"3":{"start":{"line":55,"column":10},"end":{"line":58,"column":null}},"4":{"start":{"line":71,"column":13},"end":{"line":82,"column":null}},"5":{"start":{"line":72,"column":2},"end":{"line":80,"column":null}},"6":{"start":{"line":84,"column":14},"end":{"line":97,"column":null}},"7":{"start":{"line":85,"column":2},"end":{"line":95,"column":null}},"8":{"start":{"line":99,"column":16},"end":{"line":111,"column":null}},"9":{"start":{"line":100,"column":2},"end":{"line":109,"column":null}},"10":{"start":{"line":113,"column":33},"end":{"line":136,"column":null}},"11":{"start":{"line":114,"column":2},"end":{"line":134,"column":null}}},"fnMap":{"0":{"name":"(anonymous_0)","decl":{"start":{"line":13,"column":14},"end":{"line":13,"column":20}},"loc":{"start":{"line":13,"column":20},"end":{"line":69,"column":null}}},"1":{"name":"(anonymous_1)","decl":{"start":{"line":54,"column":30},"end":{"line":54,"column":31}},"loc":{"start":{"line":55,"column":10},"end":{"line":58,"column":null}}},"2":{"name":"(anonymous_2)","decl":{"start":{"line":71,"column":13},"end":{"line":71,"column":19}},"loc":{"start":{"line":71,"column":19},"end":{"line":82,"column":null}}},"3":{"name":"(anonymous_3)","decl":{"start":{"line":84,"column":14},"end":{"line":84,"column":20}},"loc":{"start":{"line":84,"column":20},"end":{"line":97,"column":null}}},"4":{"name":"(anonymous_4)","decl":{"start":{"line":99,"column":16},"end":{"line":99,"column":22}},"loc":{"start":{"line":99,"column":22},"end":{"line":111,"column":null}}},"5":{"name":"(anonymous_5)","decl":{"start":{"line":113,"column":33},"end":{"line":113,"column":39}},"loc":{"start":{"line":113,"column":39},"end":{"line":136,"column":null}}}},"branchMap":{"0":{"loc":{"start":{"line":25,"column":12},"end":{"line":27,"column":null}},"type":"cond-expr","locations":[{"start":{"line":26,"column":16},"end":{"line":26,"column":null}},{"start":{"line":27,"column":16},"end":{"line":27,"column":null}}]},"1":{"loc":{"start":{"line":35,"column":12},"end":{"line":37,"column":null}},"type":"cond-expr","locations":[{"start":{"line":36,"column":16},"end":{"line":36,"column":null}},{"start":{"line":37,"column":16},"end":{"line":37,"column":null}}]},"2":{"loc":{"start":{"line":45,"column":12},"end":{"line":47,"column":null}},"type":"cond-expr","locations":[{"start":{"line":46,"column":16},"end":{"line":46,"column":null}},{"start":{"line":47,"column":16},"end":{"line":47,"column":null}}]},"3":{"loc":{"start":{"line":62,"column":23},"end":{"line":62,"column":null}},"type":"cond-expr","locations":[{"start":{"line":62,"column":51},"end":{"line":62,"column":59}},{"start":{"line":62,"column":59},"end":{"line":62,"column":null}}]},"4":{"loc":{"start":{"line":64,"column":20},"end":{"line":64,"column":null}},"type":"cond-expr","locations":[{"start":{"line":64,"column":45},"end":{"line":64,"column":53}},{"start":{"line":64,"column":53},"end":{"line":64,"column":null}}]}},"s":{"0":0,"1":0,"2":0,"3":0,"4":0,"5":0,"6":0,"7":0,"8":0,"9":0,"10":0,"11":0},"f":{"0":0,"1":0,"2":0,"3":0,"4":0,"5":0},"b":{"0":[0,0],"1":[0,0],"2":[0,0],"3":[0,0],"4":[0,0]}}
,"C:/Users/ndeca/Documents/Sammy-Packages/Ysamark/verdantkit-react/src/stories/SelectField.stories.ts": {"path":"C:/Users/ndeca/Documents/Sammy-Packages/Ysamark/verdantkit-react/src/stories/SelectField.stories.ts","statementMap":{"0":{"start":{"line":5,"column":39},"end":{"line":14,"column":null}},"1":{"start":{"line":9,"column":51},"end":{"line":12,"column":6}},"2":{"start":{"line":16,"column":46},"end":{"line":16,"column":null}},"3":{"start":{"line":18,"column":49},"end":{"line":29,"column":null}},"4":{"start":{"line":20,"column":52},"end":{"line":27,"column":6}},"5":{"start":{"line":23,"column":56},"end":{"line":26,"column":8}}},"fnMap":{"0":{"name":"(anonymous_0)","decl":{"start":{"line":9,"column":40},"end":{"line":9,"column":41}},"loc":{"start":{"line":9,"column":51},"end":{"line":12,"column":6}}},"1":{"name":"(anonymous_1)","decl":{"start":{"line":20,"column":41},"end":{"line":20,"column":42}},"loc":{"start":{"line":20,"column":52},"end":{"line":27,"column":6}}},"2":{"name":"(anonymous_2)","decl":{"start":{"line":23,"column":45},"end":{"line":23,"column":46}},"loc":{"start":{"line":23,"column":56},"end":{"line":26,"column":8}}}},"branchMap":{},"s":{"0":0,"1":0,"2":0,"3":0,"4":0,"5":0},"f":{"0":0,"1":0,"2":0},"b":{}}
,"C:/Users/ndeca/Documents/Sammy-Packages/Ysamark/verdantkit-react/src/stories/SelectList.stories.ts": {"path":"C:/Users/ndeca/Documents/Sammy-Packages/Ysamark/verdantkit-react/src/stories/SelectList.stories.ts","statementMap":{"0":{"start":{"line":5,"column":45},"end":{"line":15,"column":null}},"1":{"start":{"line":17,"column":46},"end":{"line":21,"column":null}},"2":{"start":{"line":23,"column":46},"end":{"line":27,"column":null}},"3":{"start":{"line":29,"column":47},"end":{"line":35,"column":null}},"4":{"start":{"line":37,"column":64},"end":{"line":42,"column":null}},"5":{"start":{"line":44,"column":64},"end":{"line":49,"column":null}},"6":{"start":{"line":51,"column":65},"end":{"line":57,"column":null}}},"fnMap":{},"branchMap":{},"s":{"0":0,"1":0,"2":0,"3":0,"4":0,"5":0,"6":0},"f":{},"b":{}}
,"C:/Users/ndeca/Documents/Sammy-Packages/Ysamark/verdantkit-react/src/stories/SelectListElement.tsx": {"path":"C:/Users/ndeca/Documents/Sammy-Packages/Ysamark/verdantkit-react/src/stories/SelectListElement.tsx","statementMap":{"0":{"start":{"line":10,"column":33},"end":{"line":32,"column":null}},"1":{"start":{"line":11,"column":15},"end":{"line":15,"column":null}},"2":{"start":{"line":11,"column":58},"end":{"line":15,"column":4}},"3":{"start":{"line":17,"column":2},"end":{"line":30,"column":null}},"4":{"start":{"line":22,"column":8},"end":{"line":22,"column":null}},"5":{"start":{"line":24,"column":22},"end":{"line":29,"column":null}}},"fnMap":{"0":{"name":"(anonymous_0)","decl":{"start":{"line":10,"column":33},"end":{"line":10,"column":34}},"loc":{"start":{"line":10,"column":67},"end":{"line":32,"column":null}}},"1":{"name":"(anonymous_1)","decl":{"start":{"line":11,"column":47},"end":{"line":11,"column":48}},"loc":{"start":{"line":11,"column":58},"end":{"line":15,"column":4}}},"2":{"name":"(anonymous_2)","decl":{"start":{"line":21,"column":16},"end":{"line":21,"column":17}},"loc":{"start":{"line":21,"column":23},"end":{"line":23,"column":null}}},"3":{"name":"(anonymous_3)","decl":{"start":{"line":24,"column":11},"end":{"line":24,"column":12}},"loc":{"start":{"line":24,"column":22},"end":{"line":29,"column":null}}}},"branchMap":{},"s":{"0":0,"1":0,"2":0,"3":0,"4":0,"5":0},"f":{"0":0,"1":0,"2":0,"3":0},"b":{}}
,"C:/Users/ndeca/Documents/Sammy-Packages/Ysamark/verdantkit-react/src/stories/SelectableArea.stories.tsx": {"path":"C:/Users/ndeca/Documents/Sammy-Packages/Ysamark/verdantkit-react/src/stories/SelectableArea.stories.tsx","statementMap":{"0":{"start":{"line":6,"column":49},"end":{"line":17,"column":null}},"1":{"start":{"line":14,"column":6},"end":{"line":14,"column":null}},"2":{"start":{"line":19,"column":46},"end":{"line":19,"column":null}},"3":{"start":{"line":21,"column":45},"end":{"line":25,"column":null}}},"fnMap":{"0":{"name":"(anonymous_0)","decl":{"start":{"line":13,"column":4},"end":{"line":13,"column":5}},"loc":{"start":{"line":14,"column":6},"end":{"line":14,"column":null}}}},"branchMap":{},"s":{"0":0,"1":0,"2":0,"3":0},"f":{"0":0},"b":{}}
,"C:/Users/ndeca/Documents/Sammy-Packages/Ysamark/verdantkit-react/src/stories/SelectableAreaElement.tsx": {"path":"C:/Users/ndeca/Documents/Sammy-Packages/Ysamark/verdantkit-react/src/stories/SelectableAreaElement.tsx","statementMap":{"0":{"start":{"line":12,"column":13},"end":{"line":29,"column":null}},"1":{"start":{"line":13,"column":21},"end":{"line":13,"column":null}},"2":{"start":{"line":15,"column":13},"end":{"line":15,"column":null}},"3":{"start":{"line":17,"column":2},"end":{"line":27,"column":null}},"4":{"start":{"line":35,"column":37},"end":{"line":53,"column":null}},"5":{"start":{"line":36,"column":25},"end":{"line":36,"column":null}},"6":{"start":{"line":38,"column":2},"end":{"line":51,"column":null}},"7":{"start":{"line":46,"column":10},"end":{"line":48,"column":null}}},"fnMap":{"0":{"name":"(anonymous_0)","decl":{"start":{"line":12,"column":13},"end":{"line":12,"column":19}},"loc":{"start":{"line":12,"column":19},"end":{"line":29,"column":null}}},"1":{"name":"(anonymous_1)","decl":{"start":{"line":35,"column":37},"end":{"line":35,"column":38}},"loc":{"start":{"line":35,"column":76},"end":{"line":53,"column":null}}},"2":{"name":"(anonymous_2)","decl":{"start":{"line":45,"column":39},"end":{"line":45,"column":40}},"loc":{"start":{"line":46,"column":10},"end":{"line":48,"column":null}}}},"branchMap":{"0":{"loc":{"start":{"line":22,"column":8},"end":{"line":22,"column":null}},"type":"cond-expr","locations":[{"start":{"line":22,"column":30},"end":{"line":22,"column":68}},{"start":{"line":22,"column":68},"end":{"line":22,"column":null}}]}},"s":{"0":0,"1":0,"2":0,"3":0,"4":0,"5":0,"6":0,"7":0},"f":{"0":0,"1":0,"2":0},"b":{"0":[0,0]}}
,"C:/Users/ndeca/Documents/Sammy-Packages/Ysamark/verdantkit-react/src/stories/Spinner.stories.ts": {"path":"C:/Users/ndeca/Documents/Sammy-Packages/Ysamark/verdantkit-react/src/stories/Spinner.stories.ts","statementMap":{"0":{"start":{"line":5,"column":35},"end":{"line":8,"column":null}},"1":{"start":{"line":10,"column":46},"end":{"line":10,"column":null}},"2":{"start":{"line":12,"column":44},"end":{"line":16,"column":null}},"3":{"start":{"line":18,"column":44},"end":{"line":22,"column":null}}},"fnMap":{},"branchMap":{},"s":{"0":0,"1":0,"2":0,"3":0},"f":{},"b":{}}
,"C:/Users/ndeca/Documents/Sammy-Packages/Ysamark/verdantkit-react/src/stories/TagsField.stories.ts": {"path":"C:/Users/ndeca/Documents/Sammy-Packages/Ysamark/verdantkit-react/src/stories/TagsField.stories.ts","statementMap":{"0":{"start":{"line":5,"column":37},"end":{"line":11,"column":null}},"1":{"start":{"line":13,"column":46},"end":{"line":13,"column":null}}},"fnMap":{},"branchMap":{},"s":{"0":0,"1":0},"f":{},"b":{}}
,"C:/Users/ndeca/Documents/Sammy-Packages/Ysamark/verdantkit-react/src/stories/Tooltip.stories.tsx": {"path":"C:/Users/ndeca/Documents/Sammy-Packages/Ysamark/verdantkit-react/src/stories/Tooltip.stories.tsx","statementMap":{"0":{"start":{"line":5,"column":42},"end":{"line":9,"column":null}},"1":{"start":{"line":11,"column":46},"end":{"line":11,"column":null}}},"fnMap":{},"branchMap":{},"s":{"0":0,"1":0},"f":{},"b":{}}
,"C:/Users/ndeca/Documents/Sammy-Packages/Ysamark/verdantkit-react/src/stories/TooltipElement.tsx": {"path":"C:/Users/ndeca/Documents/Sammy-Packages/Ysamark/verdantkit-react/src/stories/TooltipElement.tsx","statementMap":{"0":{"start":{"line":3,"column":30},"end":{"line":11,"column":null}},"1":{"start":{"line":4,"column":2},"end":{"line":9,"column":null}},"2":{"start":{"line":6,"column":43},"end":{"line":6,"column":67}}},"fnMap":{"0":{"name":"(anonymous_0)","decl":{"start":{"line":3,"column":30},"end":{"line":3,"column":36}},"loc":{"start":{"line":3,"column":36},"end":{"line":11,"column":null}}},"1":{"name":"(anonymous_1)","decl":{"start":{"line":6,"column":37},"end":{"line":6,"column":43}},"loc":{"start":{"line":6,"column":43},"end":{"line":6,"column":67}}}},"branchMap":{},"s":{"0":0,"1":0,"2":0},"f":{"0":0,"1":0},"b":{}}
,"C:/Users/ndeca/Documents/Sammy-Packages/Ysamark/verdantkit-react/src/utils/index.ts": {"path":"C:/Users/ndeca/Documents/Sammy-Packages/Ysamark/verdantkit-react/src/utils/index.ts","statementMap":{"0":{"start":{"line":4,"column":18},"end":{"line":20,"column":null}},"1":{"start":{"line":5,"column":35},"end":{"line":5,"column":null}},"2":{"start":{"line":7,"column":2},"end":{"line":17,"column":null}},"3":{"start":{"line":8,"column":21},"end":{"line":8,"column":33}},"4":{"start":{"line":12,"column":6},"end":{"line":14,"column":null}},"5":{"start":{"line":13,"column":8},"end":{"line":13,"column":null}},"6":{"start":{"line":16,"column":6},"end":{"line":16,"column":null}},"7":{"start":{"line":19,"column":2},"end":{"line":19,"column":null}},"8":{"start":{"line":22,"column":33},"end":{"line":32,"column":null}},"9":{"start":{"line":23,"column":18},"end":{"line":23,"column":null}},"10":{"start":{"line":25,"column":2},"end":{"line":31,"column":null}},"11":{"start":{"line":29,"column":25},"end":{"line":29,"column":45}},"12":{"start":{"line":34,"column":31},"end":{"line":43,"column":null}},"13":{"start":{"line":38,"column":18},"end":{"line":40,"column":null}},"14":{"start":{"line":39,"column":15},"end":{"line":39,"column":null}},"15":{"start":{"line":42,"column":2},"end":{"line":42,"column":null}},"16":{"start":{"line":45,"column":32},"end":{"line":54,"column":null}},"17":{"start":{"line":49,"column":18},"end":{"line":51,"column":null}},"18":{"start":{"line":50,"column":15},"end":{"line":50,"column":null}},"19":{"start":{"line":53,"column":2},"end":{"line":53,"column":null}},"20":{"start":{"line":72,"column":58},"end":{"line":85,"column":null}},"21":{"start":{"line":76,"column":19},"end":{"line":78,"column":null}},"22":{"start":{"line":77,"column":15},"end":{"line":77,"column":null}},"23":{"start":{"line":80,"column":15},"end":{"line":82,"column":null}},"24":{"start":{"line":81,"column":15},"end":{"line":81,"column":null}},"25":{"start":{"line":84,"column":2},"end":{"line":84,"column":null}}},"fnMap":{"0":{"name":"(anonymous_0)","decl":{"start":{"line":4,"column":18},"end":{"line":4,"column":22}},"loc":{"start":{"line":4,"column":47},"end":{"line":20,"column":null}}},"1":{"name":"(anonymous_1)","decl":{"start":{"line":8,"column":12},"end":{"line":8,"column":13}},"loc":{"start":{"line":8,"column":21},"end":{"line":8,"column":33}}},"2":{"name":"(anonymous_2)","decl":{"start":{"line":11,"column":13},"end":{"line":11,"column":14}},"loc":{"start":{"line":11,"column":32},"end":{"line":17,"column":5}}},"3":{"name":"(anonymous_3)","decl":{"start":{"line":22,"column":33},"end":{"line":22,"column":34}},"loc":{"start":{"line":22,"column":51},"end":{"line":32,"column":null}}},"4":{"name":"(anonymous_4)","decl":{"start":{"line":29,"column":14},"end":{"line":29,"column":15}},"loc":{"start":{"line":29,"column":25},"end":{"line":29,"column":45}}},"5":{"name":"(anonymous_5)","decl":{"start":{"line":34,"column":31},"end":{"line":34,"column":null}},"loc":{"start":{"line":37,"column":35},"end":{"line":43,"column":null}}},"6":{"name":"(anonymous_6)","decl":{"start":{"line":39,"column":4},"end":{"line":39,"column":5}},"loc":{"start":{"line":39,"column":15},"end":{"line":39,"column":null}}},"7":{"name":"(anonymous_7)","decl":{"start":{"line":45,"column":32},"end":{"line":45,"column":null}},"loc":{"start":{"line":48,"column":5},"end":{"line":54,"column":null}}},"8":{"name":"(anonymous_8)","decl":{"start":{"line":50,"column":4},"end":{"line":50,"column":5}},"loc":{"start":{"line":50,"column":15},"end":{"line":50,"column":null}}},"9":{"name":"(anonymous_9)","decl":{"start":{"line":72,"column":58},"end":{"line":72,"column":null}},"loc":{"start":{"line":75,"column":5},"end":{"line":85,"column":null}}},"10":{"name":"(anonymous_10)","decl":{"start":{"line":77,"column":4},"end":{"line":77,"column":5}},"loc":{"start":{"line":77,"column":15},"end":{"line":77,"column":null}}},"11":{"name":"(anonymous_11)","decl":{"start":{"line":81,"column":4},"end":{"line":81,"column":5}},"loc":{"start":{"line":81,"column":15},"end":{"line":81,"column":null}}}},"branchMap":{"0":{"loc":{"start":{"line":12,"column":6},"end":{"line":14,"column":null}},"type":"if","locations":[{"start":{"line":12,"column":6},"end":{"line":14,"column":null}},{"start":{},"end":{}}]},"1":{"loc":{"start":{"line":39,"column":15},"end":{"line":39,"column":null}},"type":"binary-expr","locations":[{"start":{"line":39,"column":15},"end":{"line":39,"column":40}},{"start":{"line":39,"column":40},"end":{"line":39,"column":null}}]},"2":{"loc":{"start":{"line":42,"column":9},"end":{"line":42,"column":null}},"type":"cond-expr","locations":[{"start":{"line":42,"column":35},"end":{"line":42,"column":45}},{"start":{"line":42,"column":45},"end":{"line":42,"column":null}}]},"3":{"loc":{"start":{"line":50,"column":15},"end":{"line":50,"column":null}},"type":"binary-expr","locations":[{"start":{"line":50,"column":15},"end":{"line":50,"column":40}},{"start":{"line":50,"column":40},"end":{"line":50,"column":null}}]},"4":{"loc":{"start":{"line":77,"column":15},"end":{"line":77,"column":null}},"type":"binary-expr","locations":[{"start":{"line":77,"column":15},"end":{"line":77,"column":40}},{"start":{"line":77,"column":40},"end":{"line":77,"column":null}}]},"5":{"loc":{"start":{"line":81,"column":17},"end":{"line":81,"column":null}},"type":"binary-expr","locations":[{"start":{"line":81,"column":17},"end":{"line":81,"column":42}},{"start":{"line":81,"column":42},"end":{"line":81,"column":null}}]}},"s":{"0":0,"1":0,"2":0,"3":0,"4":0,"5":0,"6":0,"7":0,"8":0,"9":0,"10":0,"11":0,"12":0,"13":0,"14":0,"15":0,"16":0,"17":0,"18":0,"19":0,"20":0,"21":0,"22":0,"23":0,"24":0,"25":0},"f":{"0":0,"1":0,"2":0,"3":0,"4":0,"5":0,"6":0,"7":0,"8":0,"9":0,"10":0,"11":0},"b":{"0":[0,0],"1":[0,0],"2":[0,0],"3":[0,0],"4":[0,0],"5":[0,0]}}
}
